<?xml version="1.0" encoding="UTF-8"?>
<testsuite name="com.zdd.duoduo.DuoduoApplicationTests" time="0.005" tests="1" errors="1" skipped="0" failures="0">
  <properties>
[...]
</properties>
  <testcase name="contextLoads" classname="com.zdd.duoduo.DuoduoApplicationTests" time="0.005">
    <error message="Failed to load ApplicationContext" type="java.lang.IllegalStateException"><![CDATA[java.lang.IllegalStateException: Failed to load ApplicationContext
	at org.springframework.test.context.cache.DefaultCacheAwareContextLoaderDelegate.loadContext(DefaultCacheAwareContextLoaderDelegate.java:124)
	at org.springframework.test.context.support.DefaultTestContext.getApplicationContext(DefaultTestContext.java:83)
	at org.springframework.test.context.web.ServletTestExecutionListener.setUpRequestContextIfNecessary(ServletTestExecutionListener.java:189)
	at org.springframework.test.context.web.ServletTestExecutionListener.prepareTestInstance(ServletTestExecutionListener.java:131)
	at org.springframework.test.context.TestContextManager.prepareTestInstance(TestContextManager.java:230)
	at org.springframework.test.context.junit4.SpringJUnit4ClassRunner.createTest(SpringJUnit4ClassRunner.java:228)
	at org.springframework.test.context.junit4.SpringJUnit4ClassRunner$1.runReflectiveCall(SpringJUnit4ClassRunner.java:287)
	at org.junit.internal.runners.model.ReflectiveCallable.run(ReflectiveCallable.java:12)
	at org.springframework.test.context.junit4.SpringJUnit4ClassRunner.methodBlock(SpringJUnit4ClassRunner.java:289)
	at org.springframework.test.context.junit4.SpringJUnit4ClassRunner.runChild(SpringJUnit4ClassRunner.java:247)
	at org.springframework.test.context.junit4.SpringJUnit4ClassRunner.runChild(SpringJUnit4ClassRunner.java:94)
	at org.junit.runners.ParentRunner$3.run(ParentRunner.java:290)
	at org.junit.runners.ParentRunner$1.schedule(ParentRunner.java:71)
	at org.junit.runners.ParentRunner.runChildren(ParentRunner.java:288)
	at org.junit.runners.ParentRunner.access$000(ParentRunner.java:58)
	at org.junit.runners.ParentRunner$2.evaluate(ParentRunner.java:268)
	at org.springframework.test.context.junit4.statements.RunBeforeTestClassCallbacks.evaluate(RunBeforeTestClassCallbacks.java:61)
	at org.springframework.test.context.junit4.statements.RunAfterTestClassCallbacks.evaluate(RunAfterTestClassCallbacks.java:70)
	at org.junit.runners.ParentRunner.run(ParentRunner.java:363)
	at org.springframework.test.context.junit4.SpringJUnit4ClassRunner.run(SpringJUnit4ClassRunner.java:191)
	at org.apache.maven.surefire.junit4.JUnit4Provider.execute(JUnit4Provider.java:283)
	at org.apache.maven.surefire.junit4.JUnit4Provider.executeWithRerun(JUnit4Provider.java:173)
	at org.apache.maven.surefire.junit4.JUnit4Provider.executeTestSet(JUnit4Provider.java:153)
	at org.apache.maven.surefire.junit4.JUnit4Provider.invoke(JUnit4Provider.java:128)
	at org.apache.maven.surefire.booter.ForkedBooter.invokeProviderInSameClassLoader(ForkedBooter.java:203)
	at org.apache.maven.surefire.booter.ForkedBooter.runSuitesInProcess(ForkedBooter.java:155)
	at org.apache.maven.surefire.booter.ForkedBooter.main(ForkedBooter.java:103)
Caused by: org.springframework.beans.factory.BeanCreationException: Error creating bean with name 'dataSource' defined in class path resource [org/springframework/boot/autoconfigure/jdbc/DataSourceConfiguration$Tomcat.class]: Bean instantiation via factory method failed; nested exception is org.springframework.beans.BeanInstantiationException: Failed to instantiate [org.apache.tomcat.jdbc.pool.DataSource]: Factory method 'dataSource' threw exception; nested exception is org.springframework.boot.autoconfigure.jdbc.DataSourceProperties$DataSourceBeanCreationException: Cannot determine embedded database driver class for database type NONE. If you want an embedded database please put a supported one on the classpath. If you have database settings to be loaded from a particular profile you may need to active it (no profiles are currently active).
	at org.springframework.beans.factory.support.ConstructorResolver.instantiateUsingFactoryMethod(ConstructorResolver.java:599)
	at org.springframework.beans.factory.support.AbstractAutowireCapableBeanFactory.instantiateUsingFactoryMethod(AbstractAutowireCapableBeanFactory.java:1177)
	at org.springframework.beans.factory.support.AbstractAutowireCapableBeanFactory.createBeanInstance(AbstractAutowireCapableBeanFactory.java:1072)
	at org.springframework.beans.factory.support.AbstractAutowireCapableBeanFactory.doCreateBean(AbstractAutowireCapableBeanFactory.java:511)
	at org.springframework.beans.factory.support.AbstractAutowireCapableBeanFactory.createBean(AbstractAutowireCapableBeanFactory.java:481)
	at org.springframework.beans.factory.support.AbstractBeanFactory$1.getObject(AbstractBeanFactory.java:312)
	at org.springframework.beans.factory.support.DefaultSingletonBeanRegistry.getSingleton(DefaultSingletonBeanRegistry.java:230)
	at org.springframework.beans.factory.support.AbstractBeanFactory.doGetBean(AbstractBeanFactory.java:308)
	at org.springframework.beans.factory.support.AbstractBeanFactory.getBean(AbstractBeanFactory.java:197)
	at org.springframework.beans.factory.support.DefaultListableBeanFactory.preInstantiateSingletons(DefaultListableBeanFactory.java:756)
	at org.springframework.context.support.AbstractApplicationContext.finishBeanFactoryInitialization(AbstractApplicationContext.java:867)
	at org.springframework.context.support.AbstractApplicationContext.refresh(AbstractApplicationContext.java:542)
	at org.springframework.boot.SpringApplication.refresh(SpringApplication.java:693)
	at org.springframework.boot.SpringApplication.refreshContext(SpringApplication.java:360)
	at org.springframework.boot.SpringApplication.run(SpringApplication.java:303)
	at org.springframework.boot.test.context.SpringBootContextLoader.loadContext(SpringBootContextLoader.java:121)
	at org.springframework.test.context.cache.DefaultCacheAwareContextLoaderDelegate.loadContextInternal(DefaultCacheAwareContextLoaderDelegate.java:98)
	at org.springframework.test.context.cache.DefaultCacheAwareContextLoaderDelegate.loadContext(DefaultCacheAwareContextLoaderDelegate.java:116)
	at org.springframework.test.context.support.DefaultTestContext.getApplicationContext(DefaultTestContext.java:83)
	at org.springframework.test.context.web.ServletTestExecutionListener.setUpRequestContextIfNecessary(ServletTestExecutionListener.java:189)
	at org.springframework.test.context.web.ServletTestExecutionListener.prepareTestInstance(ServletTestExecutionListener.java:131)
	at org.springframework.test.context.TestContextManager.prepareTestInstance(TestContextManager.java:230)
	at org.springframework.test.context.junit4.SpringJUnit4ClassRunner.createTest(SpringJUnit4ClassRunner.java:228)
	at org.springframework.test.context.junit4.SpringJUnit4ClassRunner$1.runReflectiveCall(SpringJUnit4ClassRunner.java:287)
	at org.junit.internal.runners.model.ReflectiveCallable.run(ReflectiveCallable.java:12)
	at org.springframework.test.context.junit4.SpringJUnit4ClassRunner.methodBlock(SpringJUnit4ClassRunner.java:289)
	at org.springframework.test.context.junit4.SpringJUnit4ClassRunner.runChild(SpringJUnit4ClassRunner.java:247)
	at org.springframework.test.context.junit4.SpringJUnit4ClassRunner.runChild(SpringJUnit4ClassRunner.java:94)
	at org.junit.runners.ParentRunner$3.run(ParentRunner.java:290)
	at org.junit.runners.ParentRunner$1.schedule(ParentRunner.java:71)
	at org.junit.runners.ParentRunner.runChildren(ParentRunner.java:288)
	at org.junit.runners.ParentRunner.access$000(ParentRunner.java:58)
	at org.junit.runners.ParentRunner$2.evaluate(ParentRunner.java:268)
	at org.springframework.test.context.junit4.statements.RunBeforeTestClassCallbacks.evaluate(RunBeforeTestClassCallbacks.java:61)
	at org.springframework.test.context.junit4.statements.RunAfterTestClassCallbacks.evaluate(RunAfterTestClassCallbacks.java:70)
	at org.junit.runners.ParentRunner.run(ParentRunner.java:363)
	at org.springframework.test.context.junit4.SpringJUnit4ClassRunner.run(SpringJUnit4ClassRunner.java:191)
	at org.apache.maven.surefire.junit4.JUnit4Provider.execute(JUnit4Provider.java:283)
	at org.apache.maven.surefire.junit4.JUnit4Provider.executeWithRerun(JUnit4Provider.java:173)
	at org.apache.maven.surefire.junit4.JUnit4Provider.executeTestSet(JUnit4Provider.java:153)
	at org.apache.maven.surefire.junit4.JUnit4Provider.invoke(JUnit4Provider.java:128)
	at org.apache.maven.surefire.booter.ForkedBooter.invokeProviderInSameClassLoader(ForkedBooter.java:203)
	at org.apache.maven.surefire.booter.ForkedBooter.runSuitesInProcess(ForkedBooter.java:155)
	at org.apache.maven.surefire.booter.ForkedBooter.main(ForkedBooter.java:103)
Caused by: org.springframework.beans.BeanInstantiationException: Failed to instantiate [org.apache.tomcat.jdbc.pool.DataSource]: Factory method 'dataSource' threw exception; nested exception is org.springframework.boot.autoconfigure.jdbc.DataSourceProperties$DataSourceBeanCreationException: Cannot determine embedded database driver class for database type NONE. If you want an embedded database please put a supported one on the classpath. If you have database settings to be loaded from a particular profile you may need to active it (no profiles are currently active).
	at org.springframework.beans.factory.support.SimpleInstantiationStrategy.instantiate(SimpleInstantiationStrategy.java:189)
	at org.springframework.beans.factory.support.ConstructorResolver.instantiateUsingFactoryMethod(ConstructorResolver.java:588)
	at org.springframework.beans.factory.support.AbstractAutowireCapableBeanFactory.instantiateUsingFactoryMethod(AbstractAutowireCapableBeanFactory.java:1177)
	at org.springframework.beans.factory.support.AbstractAutowireCapableBeanFactory.createBeanInstance(AbstractAutowireCapableBeanFactory.java:1072)
	at org.springframework.beans.factory.support.AbstractAutowireCapableBeanFactory.doCreateBean(AbstractAutowireCapableBeanFactory.java:511)
	at org.springframework.beans.factory.support.AbstractAutowireCapableBeanFactory.createBean(AbstractAutowireCapableBeanFactory.java:481)
	at org.springframework.beans.factory.support.AbstractBeanFactory$1.getObject(AbstractBeanFactory.java:312)
	at org.springframework.beans.factory.support.DefaultSingletonBeanRegistry.getSingleton(DefaultSingletonBeanRegistry.java:230)
	at org.springframework.beans.factory.support.AbstractBeanFactory.doGetBean(AbstractBeanFactory.java:308)
	at org.springframework.beans.factory.support.AbstractBeanFactory.getBean(AbstractBeanFactory.java:197)
	at org.springframework.beans.factory.support.DefaultListableBeanFactory.preInstantiateSingletons(DefaultListableBeanFactory.java:756)
	at org.springframework.context.support.AbstractApplicationContext.finishBeanFactoryInitialization(AbstractApplicationContext.java:867)
	at org.springframework.context.support.AbstractApplicationContext.refresh(AbstractApplicationContext.java:542)
	at org.springframework.boot.SpringApplication.refresh(SpringApplication.java:693)
	at org.springframework.boot.SpringApplication.refreshContext(SpringApplication.java:360)
	at org.springframework.boot.SpringApplication.run(SpringApplication.java:303)
	at org.springframework.boot.test.context.SpringBootContextLoader.loadContext(SpringBootContextLoader.java:121)
	at org.springframework.test.context.cache.DefaultCacheAwareContextLoaderDelegate.loadContextInternal(DefaultCacheAwareContextLoaderDelegate.java:98)
	at org.springframework.test.context.cache.DefaultCacheAwareContextLoaderDelegate.loadContext(DefaultCacheAwareContextLoaderDelegate.java:116)
	at org.springframework.test.context.support.DefaultTestContext.getApplicationContext(DefaultTestContext.java:83)
	at org.springframework.test.context.web.ServletTestExecutionListener.setUpRequestContextIfNecessary(ServletTestExecutionListener.java:189)
	at org.springframework.test.context.web.ServletTestExecutionListener.prepareTestInstance(ServletTestExecutionListener.java:131)
	at org.springframework.test.context.TestContextManager.prepareTestInstance(TestContextManager.java:230)
	at org.springframework.test.context.junit4.SpringJUnit4ClassRunner.createTest(SpringJUnit4ClassRunner.java:228)
	at org.springframework.test.context.junit4.SpringJUnit4ClassRunner$1.runReflectiveCall(SpringJUnit4ClassRunner.java:287)
	at org.junit.internal.runners.model.ReflectiveCallable.run(ReflectiveCallable.java:12)
	at org.springframework.test.context.junit4.SpringJUnit4ClassRunner.methodBlock(SpringJUnit4ClassRunner.java:289)
	at org.springframework.test.context.junit4.SpringJUnit4ClassRunner.runChild(SpringJUnit4ClassRunner.java:247)
	at org.springframework.test.context.junit4.SpringJUnit4ClassRunner.runChild(SpringJUnit4ClassRunner.java:94)
	at org.junit.runners.ParentRunner$3.run(ParentRunner.java:290)
	at org.junit.runners.ParentRunner$1.schedule(ParentRunner.java:71)
	at org.junit.runners.ParentRunner.runChildren(ParentRunner.java:288)
	at org.junit.runners.ParentRunner.access$000(ParentRunner.java:58)
	at org.junit.runners.ParentRunner$2.evaluate(ParentRunner.java:268)
	at org.springframework.test.context.junit4.statements.RunBeforeTestClassCallbacks.evaluate(RunBeforeTestClassCallbacks.java:61)
	at org.springframework.test.context.junit4.statements.RunAfterTestClassCallbacks.evaluate(RunAfterTestClassCallbacks.java:70)
	at org.junit.runners.ParentRunner.run(ParentRunner.java:363)
	at org.springframework.test.context.junit4.SpringJUnit4ClassRunner.run(SpringJUnit4ClassRunner.java:191)
	at org.apache.maven.surefire.junit4.JUnit4Provider.execute(JUnit4Provider.java:283)
	at org.apache.maven.surefire.junit4.JUnit4Provider.executeWithRerun(JUnit4Provider.java:173)
	at org.apache.maven.surefire.junit4.JUnit4Provider.executeTestSet(JUnit4Provider.java:153)
	at org.apache.maven.surefire.junit4.JUnit4Provider.invoke(JUnit4Provider.java:128)
	at org.apache.maven.surefire.booter.ForkedBooter.invokeProviderInSameClassLoader(ForkedBooter.java:203)
	at org.apache.maven.surefire.booter.ForkedBooter.runSuitesInProcess(ForkedBooter.java:155)
	at org.apache.maven.surefire.booter.ForkedBooter.main(ForkedBooter.java:103)
Caused by: org.springframework.boot.autoconfigure.jdbc.DataSourceProperties$DataSourceBeanCreationException: Cannot determine embedded database driver class for database type NONE. If you want an embedded database please put a supported one on the classpath. If you have database settings to be loaded from a particular profile you may need to active it (no profiles are currently active).
	at org.springframework.boot.autoconfigure.jdbc.DataSourceProperties.determineDriverClassName(DataSourceProperties.java:247)
	at org.springframework.boot.autoconfigure.jdbc.DataSourceProperties.initializeDataSourceBuilder(DataSourceProperties.java:184)
	at org.springframework.boot.autoconfigure.jdbc.DataSourceConfiguration.createDataSource(DataSourceConfiguration.java:43)
	at org.springframework.boot.autoconfigure.jdbc.DataSourceConfiguration$Tomcat.dataSource(DataSourceConfiguration.java:60)
	at org.springframework.boot.autoconfigure.jdbc.DataSourceConfiguration$Tomcat$$EnhancerBySpringCGLIB$$56945f65.CGLIB$dataSource$0(<generated>)
	at org.springframework.boot.autoconfigure.jdbc.DataSourceConfiguration$Tomcat$$EnhancerBySpringCGLIB$$56945f65$$FastClassBySpringCGLIB$$febac487.invoke(<generated>)
	at org.springframework.cglib.proxy.MethodProxy.invokeSuper(MethodProxy.java:228)
	at org.springframework.context.annotation.ConfigurationClassEnhancer$BeanMethodInterceptor.intercept(ConfigurationClassEnhancer.java:358)
	at org.springframework.boot.autoconfigure.jdbc.DataSourceConfiguration$Tomcat$$EnhancerBySpringCGLIB$$56945f65.dataSource(<generated>)
	at sun.reflect.NativeMethodAccessorImpl.invoke0(Native Method)
	at sun.reflect.NativeMethodAccessorImpl.invoke(NativeMethodAccessorImpl.java:62)
	at sun.reflect.DelegatingMethodAccessorImpl.invoke(DelegatingMethodAccessorImpl.java:43)
	at java.lang.reflect.Method.invoke(Method.java:498)
	at org.springframework.beans.factory.support.SimpleInstantiationStrategy.instantiate(SimpleInstantiationStrategy.java:162)
	at org.springframework.beans.factory.support.ConstructorResolver.instantiateUsingFactoryMethod(ConstructorResolver.java:588)
	at org.springframework.beans.factory.support.AbstractAutowireCapableBeanFactory.instantiateUsingFactoryMethod(AbstractAutowireCapableBeanFactory.java:1177)
	at org.springframework.beans.factory.support.AbstractAutowireCapableBeanFactory.createBeanInstance(AbstractAutowireCapableBeanFactory.java:1072)
	at org.springframework.beans.factory.support.AbstractAutowireCapableBeanFactory.doCreateBean(AbstractAutowireCapableBeanFactory.java:511)
	at org.springframework.beans.factory.support.AbstractAutowireCapableBeanFactory.createBean(AbstractAutowireCapableBeanFactory.java:481)
	at org.springframework.beans.factory.support.AbstractBeanFactory$1.getObject(AbstractBeanFactory.java:312)
	at org.springframework.beans.factory.support.DefaultSingletonBeanRegistry.getSingleton(DefaultSingletonBeanRegistry.java:230)
	at org.springframework.beans.factory.support.AbstractBeanFactory.doGetBean(AbstractBeanFactory.java:308)
	at org.springframework.beans.factory.support.AbstractBeanFactory.getBean(AbstractBeanFactory.java:197)
	at org.springframework.beans.factory.support.DefaultListableBeanFactory.preInstantiateSingletons(DefaultListableBeanFactory.java:756)
	at org.springframework.context.support.AbstractApplicationContext.finishBeanFactoryInitialization(AbstractApplicationContext.java:867)
	at org.springframework.context.support.AbstractApplicationContext.refresh(AbstractApplicationContext.java:542)
	at org.springframework.boot.SpringApplication.refresh(SpringApplication.java:693)
	at org.springframework.boot.SpringApplication.refreshContext(SpringApplication.java:360)
	at org.springframework.boot.SpringApplication.run(SpringApplication.java:303)
	at org.springframework.boot.test.context.SpringBootContextLoader.loadContext(SpringBootContextLoader.java:121)
	at org.springframework.test.context.cache.DefaultCacheAwareContextLoaderDelegate.loadContextInternal(DefaultCacheAwareContextLoaderDelegate.java:98)
	at org.springframework.test.context.cache.DefaultCacheAwareContextLoaderDelegate.loadContext(DefaultCacheAwareContextLoaderDelegate.java:116)
	at org.springframework.test.context.support.DefaultTestContext.getApplicationContext(DefaultTestContext.java:83)
	at org.springframework.test.context.web.ServletTestExecutionListener.setUpRequestContextIfNecessary(ServletTestExecutionListener.java:189)
	at org.springframework.test.context.web.ServletTestExecutionListener.prepareTestInstance(ServletTestExecutionListener.java:131)
	at org.springframework.test.context.TestContextManager.prepareTestInstance(TestContextManager.java:230)
	at org.springframework.test.context.junit4.SpringJUnit4ClassRunner.createTest(SpringJUnit4ClassRunner.java:228)
	at org.springframework.test.context.junit4.SpringJUnit4ClassRunner$1.runReflectiveCall(SpringJUnit4ClassRunner.java:287)
	at org.junit.internal.runners.model.ReflectiveCallable.run(ReflectiveCallable.java:12)
	at org.springframework.test.context.junit4.SpringJUnit4ClassRunner.methodBlock(SpringJUnit4ClassRunner.java:289)
	at org.springframework.test.context.junit4.SpringJUnit4ClassRunner.runChild(SpringJUnit4ClassRunner.java:247)
	at org.springframework.test.context.junit4.SpringJUnit4ClassRunner.runChild(SpringJUnit4ClassRunner.java:94)
	at org.junit.runners.ParentRunner$3.run(ParentRunner.java:290)
	at org.junit.runners.ParentRunner$1.schedule(ParentRunner.java:71)
	at org.junit.runners.ParentRunner.runChildren(ParentRunner.java:288)
	at org.junit.runners.ParentRunner.access$000(ParentRunner.java:58)
	at org.junit.runners.ParentRunner$2.evaluate(ParentRunner.java:268)
	at org.springframework.test.context.junit4.statements.RunBeforeTestClassCallbacks.evaluate(RunBeforeTestClassCallbacks.java:61)
	at org.springframework.test.context.junit4.statements.RunAfterTestClassCallbacks.evaluate(RunAfterTestClassCallbacks.java:70)
	at org.junit.runners.ParentRunner.run(ParentRunner.java:363)
	at org.springframework.test.context.junit4.SpringJUnit4ClassRunner.run(SpringJUnit4ClassRunner.java:191)
	at org.apache.maven.surefire.junit4.JUnit4Provider.execute(JUnit4Provider.java:283)
	at org.apache.maven.surefire.junit4.JUnit4Provider.executeWithRerun(JUnit4Provider.java:173)
	at org.apache.maven.surefire.junit4.JUnit4Provider.executeTestSet(JUnit4Provider.java:153)
	at org.apache.maven.surefire.junit4.JUnit4Provider.invoke(JUnit4Provider.java:128)
	at org.apache.maven.surefire.booter.ForkedBooter.invokeProviderInSameClassLoader(ForkedBooter.java:203)
	at org.apache.maven.surefire.booter.ForkedBooter.runSuitesInProcess(ForkedBooter.java:155)
	at org.apache.maven.surefire.booter.ForkedBooter.main(ForkedBooter.java:103)
]]></error>
    <system-out><![CDATA[16:06:03.238 [main] DEBUG org.springframework.test.context.junit4.SpringJUnit4ClassRunner - SpringJUnit4ClassRunner constructor called with [class com.zdd.duoduo.DuoduoApplicationTests]
16:06:03.244 [main] DEBUG org.springframework.test.context.BootstrapUtils - Instantiating CacheAwareContextLoaderDelegate from class [org.springframework.test.context.cache.DefaultCacheAwareContextLoaderDelegate]
16:06:03.250 [main] DEBUG org.springframework.test.context.BootstrapUtils - Instantiating BootstrapContext using constructor [public org.springframework.test.context.support.DefaultBootstrapContext(java.lang.Class,org.springframework.test.context.CacheAwareContextLoaderDelegate)]
16:06:03.261 [main] DEBUG org.springframework.test.context.BootstrapUtils - Instantiating TestContextBootstrapper for test class [com.zdd.duoduo.DuoduoApplicationTests] from class [org.springframework.boot.test.context.SpringBootTestContextBootstrapper]
16:06:03.268 [main] INFO org.springframework.boot.test.context.SpringBootTestContextBootstrapper - Neither @ContextConfiguration nor @ContextHierarchy found for test class [com.zdd.duoduo.DuoduoApplicationTests], using SpringBootContextLoader
16:06:03.269 [main] DEBUG org.springframework.test.context.support.AbstractContextLoader - Did not detect default resource location for test class [com.zdd.duoduo.DuoduoApplicationTests]: class path resource [com/zdd/duoduo/DuoduoApplicationTests-context.xml] does not exist
16:06:03.270 [main] DEBUG org.springframework.test.context.support.AbstractContextLoader - Did not detect default resource location for test class [com.zdd.duoduo.DuoduoApplicationTests]: class path resource [com/zdd/duoduo/DuoduoApplicationTestsContext.groovy] does not exist
16:06:03.270 [main] INFO org.springframework.test.context.support.AbstractContextLoader - Could not detect default resource locations for test class [com.zdd.duoduo.DuoduoApplicationTests]: no resource found for suffixes {-context.xml, Context.groovy}.
16:06:03.270 [main] INFO org.springframework.test.context.support.AnnotationConfigContextLoaderUtils - Could not detect default configuration classes for test class [com.zdd.duoduo.DuoduoApplicationTests]: DuoduoApplicationTests does not declare any static, non-private, non-final, nested classes annotated with @Configuration.
16:06:03.291 [main] DEBUG org.springframework.test.context.support.ActiveProfilesUtils - Could not find an 'annotation declaring class' for annotation type [org.springframework.test.context.ActiveProfiles] and class [com.zdd.duoduo.DuoduoApplicationTests]
16:06:03.296 [main] DEBUG org.springframework.core.env.StandardEnvironment - Adding PropertySource 'systemProperties' with lowest search precedence
16:06:03.297 [main] DEBUG org.springframework.core.env.StandardEnvironment - Adding PropertySource 'systemEnvironment' with lowest search precedence
16:06:03.297 [main] DEBUG org.springframework.core.env.StandardEnvironment - Initialized StandardEnvironment with PropertySources [MapPropertySource@2042495840 {name='systemProperties', properties={java.runtime.name=Java(TM) SE Runtime Environment, sun.boot.library.path=E:\java\jdk1.8.0_211\jre\bin, java.vm.version=25.211-b12, java.vm.vendor=Oracle Corporation, java.vendor.url=http://java.oracle.com/, path.separator=;, java.vm.name=Java HotSpot(TM) 64-Bit Server VM, file.encoding.pkg=sun.io, user.country=CN, user.script=, sun.java.launcher=SUN_STANDARD, sun.os.patch.level=, java.vm.specification.name=Java Virtual Machine Specification, user.dir=E:\Data\duoduo, java.runtime.version=1.8.0_211-b12, basedir=E:\Data\duoduo, java.awt.graphicsenv=sun.awt.Win32GraphicsEnvironment, java.endorsed.dirs=E:\java\jdk1.8.0_211\jre\lib\endorsed, os.arch=amd64, surefire.real.class.path=E:\Data\duoduo\target\surefire\surefirebooter9130537613831060316.jar, java.io.tmpdir=C:\Users\Administrator\AppData\Local\Temp\, line.separator=
, java.vm.specification.vendor=Oracle Corporation, user.variant=, os.name=Windows 10, sun.jnu.encoding=GBK, java.library.path=E:\java\jdk1.8.0_211\jre\bin;C:\Windows\Sun\Java\bin;C:\Windows\system32;C:\Windows;E:\java\apache-tomcat-7.0.94\lib;E:\java\apache-tomcat-7.0.94\bin;E:\java\apache-maven-3.6.1\bin\;E:\java\jdk1.8.0_211\bin;E:\java\jdk1.8.0_211\jre\bin;C:\Program Files (x86)\Common Files\Oracle\Java\javapath;C:\Windows\system32;C:\Windows;C:\Windows\System32\Wbem;C:\Windows\System32\WindowsPowerShell\v1.0\;C:\Windows\System32\OpenSSH\;C:\Program Files (x86)\NVIDIA Corporation\PhysX\Common;C:\Program Files\NVIDIA Corporation\NVIDIA NvDLISR;E:\java\MySQL5.5\bin;C:\Users\Administrator\AppData\Local\Microsoft\WindowsApps;;., surefire.test.class.path=E:\Data\duoduo\target\test-classes;E:\Data\duoduo\target\classes;E:\Data\MavenData\org\springframework\boot\spring-boot-starter-web\1.5.21.RELEASE\spring-boot-starter-web-1.5.21.RELEASE.jar;E:\Data\MavenData\org\springframework\boot\spring-boot-starter\1.5.21.RELEASE\spring-boot-starter-1.5.21.RELEASE.jar;E:\Data\MavenData\org\springframework\boot\spring-boot\1.5.21.RELEASE\spring-boot-1.5.21.RELEASE.jar;E:\Data\MavenData\org\springframework\boot\spring-boot-autoconfigure\1.5.21.RELEASE\spring-boot-autoconfigure-1.5.21.RELEASE.jar;E:\Data\MavenData\org\springframework\boot\spring-boot-starter-logging\1.5.21.RELEASE\spring-boot-starter-logging-1.5.21.RELEASE.jar;E:\Data\MavenData\ch\qos\logback\logback-classic\1.1.11\logback-classic-1.1.11.jar;E:\Data\MavenData\ch\qos\logback\logback-core\1.1.11\logback-core-1.1.11.jar;E:\Data\MavenData\org\slf4j\jcl-over-slf4j\1.7.26\jcl-over-slf4j-1.7.26.jar;E:\Data\MavenData\org\slf4j\jul-to-slf4j\1.7.26\jul-to-slf4j-1.7.26.jar;E:\Data\MavenData\org\slf4j\log4j-over-slf4j\1.7.26\log4j-over-slf4j-1.7.26.jar;E:\Data\MavenData\org\yaml\snakeyaml\1.17\snakeyaml-1.17.jar;E:\Data\MavenData\org\springframework\boot\spring-boot-starter-tomcat\1.5.21.RELEASE\spring-boot-starter-tomcat-1.5.21.RELEASE.jar;E:\Data\MavenData\org\apache\tomcat\embed\tomcat-embed-core\8.5.40\tomcat-embed-core-8.5.40.jar;E:\Data\MavenData\org\apache\tomcat\tomcat-annotations-api\8.5.40\tomcat-annotations-api-8.5.40.jar;E:\Data\MavenData\org\apache\tomcat\embed\tomcat-embed-el\8.5.40\tomcat-embed-el-8.5.40.jar;E:\Data\MavenData\org\apache\tomcat\embed\tomcat-embed-websocket\8.5.40\tomcat-embed-websocket-8.5.40.jar;E:\Data\MavenData\org\hibernate\hibernate-validator\5.3.6.Final\hibernate-validator-5.3.6.Final.jar;E:\Data\MavenData\javax\validation\validation-api\1.1.0.Final\validation-api-1.1.0.Final.jar;E:\Data\MavenData\org\jboss\logging\jboss-logging\3.3.2.Final\jboss-logging-3.3.2.Final.jar;E:\Data\MavenData\com\fasterxml\classmate\1.3.4\classmate-1.3.4.jar;E:\Data\MavenData\com\fasterxml\jackson\core\jackson-databind\2.8.11.3\jackson-databind-2.8.11.3.jar;E:\Data\MavenData\com\fasterxml\jackson\core\jackson-annotations\2.8.0\jackson-annotations-2.8.0.jar;E:\Data\MavenData\com\fasterxml\jackson\core\jackson-core\2.8.11\jackson-core-2.8.11.jar;E:\Data\MavenData\org\springframework\spring-web\4.3.24.RELEASE\spring-web-4.3.24.RELEASE.jar;E:\Data\MavenData\org\springframework\spring-aop\4.3.24.RELEASE\spring-aop-4.3.24.RELEASE.jar;E:\Data\MavenData\org\springframework\spring-beans\4.3.24.RELEASE\spring-beans-4.3.24.RELEASE.jar;E:\Data\MavenData\org\springframework\spring-context\4.3.24.RELEASE\spring-context-4.3.24.RELEASE.jar;E:\Data\MavenData\org\springframework\spring-webmvc\4.3.24.RELEASE\spring-webmvc-4.3.24.RELEASE.jar;E:\Data\MavenData\org\springframework\spring-expression\4.3.24.RELEASE\spring-expression-4.3.24.RELEASE.jar;E:\Data\MavenData\org\mybatis\spring\boot\mybatis-spring-boot-starter\1.3.4\mybatis-spring-boot-starter-1.3.4.jar;E:\Data\MavenData\org\springframework\boot\spring-boot-starter-jdbc\1.5.21.RELEASE\spring-boot-starter-jdbc-1.5.21.RELEASE.jar;E:\Data\MavenData\org\apache\tomcat\tomcat-jdbc\8.5.40\tomcat-jdbc-8.5.40.jar;E:\Data\MavenData\org\apache\tomcat\tomcat-juli\8.5.40\tomcat-juli-8.5.40.jar;E:\Data\MavenData\org\springframework\spring-jdbc\4.3.24.RELEASE\spring-jdbc-4.3.24.RELEASE.jar;E:\Data\MavenData\org\springframework\spring-tx\4.3.24.RELEASE\spring-tx-4.3.24.RELEASE.jar;E:\Data\MavenData\org\mybatis\spring\boot\mybatis-spring-boot-autoconfigure\1.3.4\mybatis-spring-boot-autoconfigure-1.3.4.jar;E:\Data\MavenData\org\mybatis\mybatis\3.4.6\mybatis-3.4.6.jar;E:\Data\MavenData\org\mybatis\mybatis-spring\1.3.2\mybatis-spring-1.3.2.jar;E:\Data\MavenData\mysql\mysql-connector-java\5.1.47\mysql-connector-java-5.1.47.jar;E:\Data\MavenData\org\springframework\boot\spring-boot-starter-test\1.5.21.RELEASE\spring-boot-starter-test-1.5.21.RELEASE.jar;E:\Data\MavenData\org\springframework\boot\spring-boot-test\1.5.21.RELEASE\spring-boot-test-1.5.21.RELEASE.jar;E:\Data\MavenData\org\springframework\boot\spring-boot-test-autoconfigure\1.5.21.RELEASE\spring-boot-test-autoconfigure-1.5.21.RELEASE.jar;E:\Data\MavenData\com\jayway\jsonpath\json-path\2.2.0\json-path-2.2.0.jar;E:\Data\MavenData\net\minidev\json-smart\2.2.1\json-smart-2.2.1.jar;E:\Data\MavenData\net\minidev\accessors-smart\1.1\accessors-smart-1.1.jar;E:\Data\MavenData\org\ow2\asm\asm\5.0.3\asm-5.0.3.jar;E:\Data\MavenData\org\slf4j\slf4j-api\1.7.26\slf4j-api-1.7.26.jar;E:\Data\MavenData\junit\junit\4.12\junit-4.12.jar;E:\Data\MavenData\org\assertj\assertj-core\2.6.0\assertj-core-2.6.0.jar;E:\Data\MavenData\org\mockito\mockito-core\1.10.19\mockito-core-1.10.19.jar;E:\Data\MavenData\org\objenesis\objenesis\2.1\objenesis-2.1.jar;E:\Data\MavenData\org\hamcrest\hamcrest-core\1.3\hamcrest-core-1.3.jar;E:\Data\MavenData\org\hamcrest\hamcrest-library\1.3\hamcrest-library-1.3.jar;E:\Data\MavenData\org\skyscreamer\jsonassert\1.4.0\jsonassert-1.4.0.jar;E:\Data\MavenData\com\vaadin\external\google\android-json\0.0.20131108.vaadin1\android-json-0.0.20131108.vaadin1.jar;E:\Data\MavenData\org\springframework\spring-core\4.3.24.RELEASE\spring-core-4.3.24.RELEASE.jar;E:\Data\MavenData\org\springframework\spring-test\4.3.24.RELEASE\spring-test-4.3.24.RELEASE.jar;, java.specification.name=Java Platform API Specification, java.class.version=52.0, sun.management.compiler=HotSpot 64-Bit Tiered Compilers, os.version=10.0, user.home=C:\Users\Administrator, user.timezone=Asia/Shanghai, java.awt.printerjob=sun.awt.windows.WPrinterJob, file.encoding=GBK, java.specification.version=1.8, java.class.path=E:\Data\duoduo\target\test-classes;E:\Data\duoduo\target\classes;E:\Data\MavenData\org\springframework\boot\spring-boot-starter-web\1.5.21.RELEASE\spring-boot-starter-web-1.5.21.RELEASE.jar;E:\Data\MavenData\org\springframework\boot\spring-boot-starter\1.5.21.RELEASE\spring-boot-starter-1.5.21.RELEASE.jar;E:\Data\MavenData\org\springframework\boot\spring-boot\1.5.21.RELEASE\spring-boot-1.5.21.RELEASE.jar;E:\Data\MavenData\org\springframework\boot\spring-boot-autoconfigure\1.5.21.RELEASE\spring-boot-autoconfigure-1.5.21.RELEASE.jar;E:\Data\MavenData\org\springframework\boot\spring-boot-starter-logging\1.5.21.RELEASE\spring-boot-starter-logging-1.5.21.RELEASE.jar;E:\Data\MavenData\ch\qos\logback\logback-classic\1.1.11\logback-classic-1.1.11.jar;E:\Data\MavenData\ch\qos\logback\logback-core\1.1.11\logback-core-1.1.11.jar;E:\Data\MavenData\org\slf4j\jcl-over-slf4j\1.7.26\jcl-over-slf4j-1.7.26.jar;E:\Data\MavenData\org\slf4j\jul-to-slf4j\1.7.26\jul-to-slf4j-1.7.26.jar;E:\Data\MavenData\org\slf4j\log4j-over-slf4j\1.7.26\log4j-over-slf4j-1.7.26.jar;E:\Data\MavenData\org\yaml\snakeyaml\1.17\snakeyaml-1.17.jar;E:\Data\MavenData\org\springframework\boot\spring-boot-starter-tomcat\1.5.21.RELEASE\spring-boot-starter-tomcat-1.5.21.RELEASE.jar;E:\Data\MavenData\org\apache\tomcat\embed\tomcat-embed-core\8.5.40\tomcat-embed-core-8.5.40.jar;E:\Data\MavenData\org\apache\tomcat\tomcat-annotations-api\8.5.40\tomcat-annotations-api-8.5.40.jar;E:\Data\MavenData\org\apache\tomcat\embed\tomcat-embed-el\8.5.40\tomcat-embed-el-8.5.40.jar;E:\Data\MavenData\org\apache\tomcat\embed\tomcat-embed-websocket\8.5.40\tomcat-embed-websocket-8.5.40.jar;E:\Data\MavenData\org\hibernate\hibernate-validator\5.3.6.Final\hibernate-validator-5.3.6.Final.jar;E:\Data\MavenData\javax\validation\validation-api\1.1.0.Final\validation-api-1.1.0.Final.jar;E:\Data\MavenData\org\jboss\logging\jboss-logging\3.3.2.Final\jboss-logging-3.3.2.Final.jar;E:\Data\MavenData\com\fasterxml\classmate\1.3.4\classmate-1.3.4.jar;E:\Data\MavenData\com\fasterxml\jackson\core\jackson-databind\2.8.11.3\jackson-databind-2.8.11.3.jar;E:\Data\MavenData\com\fasterxml\jackson\core\jackson-annotations\2.8.0\jackson-annotations-2.8.0.jar;E:\Data\MavenData\com\fasterxml\jackson\core\jackson-core\2.8.11\jackson-core-2.8.11.jar;E:\Data\MavenData\org\springframework\spring-web\4.3.24.RELEASE\spring-web-4.3.24.RELEASE.jar;E:\Data\MavenData\org\springframework\spring-aop\4.3.24.RELEASE\spring-aop-4.3.24.RELEASE.jar;E:\Data\MavenData\org\springframework\spring-beans\4.3.24.RELEASE\spring-beans-4.3.24.RELEASE.jar;E:\Data\MavenData\org\springframework\spring-context\4.3.24.RELEASE\spring-context-4.3.24.RELEASE.jar;E:\Data\MavenData\org\springframework\spring-webmvc\4.3.24.RELEASE\spring-webmvc-4.3.24.RELEASE.jar;E:\Data\MavenData\org\springframework\spring-expression\4.3.24.RELEASE\spring-expression-4.3.24.RELEASE.jar;E:\Data\MavenData\org\mybatis\spring\boot\mybatis-spring-boot-starter\1.3.4\mybatis-spring-boot-starter-1.3.4.jar;E:\Data\MavenData\org\springframework\boot\spring-boot-starter-jdbc\1.5.21.RELEASE\spring-boot-starter-jdbc-1.5.21.RELEASE.jar;E:\Data\MavenData\org\apache\tomcat\tomcat-jdbc\8.5.40\tomcat-jdbc-8.5.40.jar;E:\Data\MavenData\org\apache\tomcat\tomcat-juli\8.5.40\tomcat-juli-8.5.40.jar;E:\Data\MavenData\org\springframework\spring-jdbc\4.3.24.RELEASE\spring-jdbc-4.3.24.RELEASE.jar;E:\Data\MavenData\org\springframework\spring-tx\4.3.24.RELEASE\spring-tx-4.3.24.RELEASE.jar;E:\Data\MavenData\org\mybatis\spring\boot\mybatis-spring-boot-autoconfigure\1.3.4\mybatis-spring-boot-autoconfigure-1.3.4.jar;E:\Data\MavenData\org\mybatis\mybatis\3.4.6\mybatis-3.4.6.jar;E:\Data\MavenData\org\mybatis\mybatis-spring\1.3.2\mybatis-spring-1.3.2.jar;E:\Data\MavenData\mysql\mysql-connector-java\5.1.47\mysql-connector-java-5.1.47.jar;E:\Data\MavenData\org\springframework\boot\spring-boot-starter-test\1.5.21.RELEASE\spring-boot-starter-test-1.5.21.RELEASE.jar;E:\Data\MavenData\org\springframework\boot\spring-boot-test\1.5.21.RELEASE\spring-boot-test-1.5.21.RELEASE.jar;E:\Data\MavenData\org\springframework\boot\spring-boot-test-autoconfigure\1.5.21.RELEASE\spring-boot-test-autoconfigure-1.5.21.RELEASE.jar;E:\Data\MavenData\com\jayway\jsonpath\json-path\2.2.0\json-path-2.2.0.jar;E:\Data\MavenData\net\minidev\json-smart\2.2.1\json-smart-2.2.1.jar;E:\Data\MavenData\net\minidev\accessors-smart\1.1\accessors-smart-1.1.jar;E:\Data\MavenData\org\ow2\asm\asm\5.0.3\asm-5.0.3.jar;E:\Data\MavenData\org\slf4j\slf4j-api\1.7.26\slf4j-api-1.7.26.jar;E:\Data\MavenData\junit\junit\4.12\junit-4.12.jar;E:\Data\MavenData\org\assertj\assertj-core\2.6.0\assertj-core-2.6.0.jar;E:\Data\MavenData\org\mockito\mockito-core\1.10.19\mockito-core-1.10.19.jar;E:\Data\MavenData\org\objenesis\objenesis\2.1\objenesis-2.1.jar;E:\Data\MavenData\org\hamcrest\hamcrest-core\1.3\hamcrest-core-1.3.jar;E:\Data\MavenData\org\hamcrest\hamcrest-library\1.3\hamcrest-library-1.3.jar;E:\Data\MavenData\org\skyscreamer\jsonassert\1.4.0\jsonassert-1.4.0.jar;E:\Data\MavenData\com\vaadin\external\google\android-json\0.0.20131108.vaadin1\android-json-0.0.20131108.vaadin1.jar;E:\Data\MavenData\org\springframework\spring-core\4.3.24.RELEASE\spring-core-4.3.24.RELEASE.jar;E:\Data\MavenData\org\springframework\spring-test\4.3.24.RELEASE\spring-test-4.3.24.RELEASE.jar;, user.name=ÄêÔÆºº£¬, java.vm.specification.version=1.8, sun.java.command=E:\Data\duoduo\target\surefire\surefirebooter9130537613831060316.jar E:\Data\duoduo\target\surefire\surefire860236524479200735tmp E:\Data\duoduo\target\surefire\surefire_05357407558621665530tmp, java.home=E:\java\jdk1.8.0_211\jre, sun.arch.data.model=64, user.language=zh, java.specification.vendor=Oracle Corporation, awt.toolkit=sun.awt.windows.WToolkit, java.vm.info=mixed mode, idea.version2019.1.1=true, java.version=1.8.0_211, java.ext.dirs=E:\java\jdk1.8.0_211\jre\lib\ext;C:\Windows\Sun\Java\lib\ext, sun.boot.class.path=E:\java\jdk1.8.0_211\jre\lib\resources.jar;E:\java\jdk1.8.0_211\jre\lib\rt.jar;E:\java\jdk1.8.0_211\jre\lib\sunrsasign.jar;E:\java\jdk1.8.0_211\jre\lib\jsse.jar;E:\java\jdk1.8.0_211\jre\lib\jce.jar;E:\java\jdk1.8.0_211\jre\lib\charsets.jar;E:\java\jdk1.8.0_211\jre\lib\jfr.jar;E:\java\jdk1.8.0_211\jre\classes, java.vendor=Oracle Corporation, localRepository=E:\Data\MavenData, file.separator=\, java.vendor.url.bug=http://bugreport.sun.com/bugreport/, sun.io.unicode.encoding=UnicodeLittle, sun.cpu.endian=little, sun.desktop=windows, sun.cpu.isalist=amd64}}, SystemEnvironmentPropertySource@36333492 {name='systemEnvironment', properties={PATH=E:\java\apache-tomcat-7.0.94\lib;E:\java\apache-tomcat-7.0.94\bin;E:\java\apache-maven-3.6.1\bin\;E:\java\jdk1.8.0_211\bin;E:\java\jdk1.8.0_211\jre\bin;C:\Program Files (x86)\Common Files\Oracle\Java\javapath;C:\Windows\system32;C:\Windows;C:\Windows\System32\Wbem;C:\Windows\System32\WindowsPowerShell\v1.0\;C:\Windows\System32\OpenSSH\;C:\Program Files (x86)\NVIDIA Corporation\PhysX\Common;C:\Program Files\NVIDIA Corporation\NVIDIA NvDLISR;E:\java\MySQL5.5\bin;C:\Users\Administrator\AppData\Local\Microsoft\WindowsApps;, USERDOMAIN_ROAMINGPROFILE=ÄêÔÆººØ¼, LOCALAPPDATA=C:\Users\Administrator\AppData\Local, PROCESSOR_LEVEL=6, SYSTEMDRIVE=C:, COMMONPROGRAMFILES(X86)=C:\Program Files (x86)\Common Files, USERDOMAIN=ÄêÔÆººØ¼, LOGONSERVER=\\ÄêÔÆººØ¼, JAVA_HOME=E:\java\jdk1.8.0_211, PROMPT=$P$G, SESSIONNAME=Console, ALLUSERSPROFILE=C:\ProgramData, PROGRAMFILES(X86)=C:\Program Files (x86), PROCESSOR_ARCHITECTURE=AMD64, DRIVERDATA=C:\Windows\System32\Drivers\DriverData, =E:=E:\Data\duoduo, MAVEN_HOME=E:\java\apache-maven-3.6.1, PROGRAMFILES=C:\Program Files, APPDATA=C:\Users\Administrator\AppData\Roaming, PSMODULEPATH=C:\Program Files\WindowsPowerShell\Modules;C:\Windows\system32\WindowsPowerShell\v1.0\Modules, PROGRAMW6432=C:\Program Files, PROGRAMDATA=C:\ProgramData, SYSTEMROOT=C:\Windows, USERNAME=ÄêÔÆºº£¬, PATHEXT=.COM;.EXE;.BAT;.CMD;.VBS;.VBE;.JS;.JSE;.WSF;.WSH;.MSC, OS=Windows_NT, COMMONPROGRAMW6432=C:\Program Files\Common Files, COMPUTERNAME=ÄêÔÆººØ¼, COMMONPROGRAMFILES=C:\Program Files\Common Files, COMSPEC=C:\Windows\system32\cmd.exe, CATALINA_HOME=E:\java\apache-tomcat-7.0.94, PROCESSOR_REVISION=9e0a, CLASSPATH=.;E:\java\jdk1.8.0_211\bin;E:\java\jdk1.8.0_211\lib\dt.jar;E:\java\jdk1.8.0_211\lib\tools.jar, WINDIR=C:\Windows, HOMEPATH=\Users\Administrator, TEMP=C:\Users\Administrator\AppData\Local\Temp, HOMEDRIVE=C:, PROCESSOR_IDENTIFIER=Intel64 Family 6 Model 158 Stepping 10, GenuineIntel, USERPROFILE=C:\Users\Administrator, TMP=C:\Users\Administrator\AppData\Local\Temp, PUBLIC=C:\Users\Public, NUMBER_OF_PROCESSORS=12, =::=::\}}]
16:06:03.308 [main] DEBUG org.springframework.core.io.support.PathMatchingResourcePatternResolver - Resolved classpath location [com/zdd/duoduo/] to resources [URL [file:/E:/Data/duoduo/target/test-classes/com/zdd/duoduo/], URL [file:/E:/Data/duoduo/target/classes/com/zdd/duoduo/]]
16:06:03.308 [main] DEBUG org.springframework.core.io.support.PathMatchingResourcePatternResolver - Looking for matching resources in directory tree [E:\Data\duoduo\target\test-classes\com\zdd\duoduo]
16:06:03.308 [main] DEBUG org.springframework.core.io.support.PathMatchingResourcePatternResolver - Searching directory [E:\Data\duoduo\target\test-classes\com\zdd\duoduo] for files matching pattern [E:/Data/duoduo/target/test-classes/com/zdd/duoduo/*.class]
16:06:03.310 [main] DEBUG org.springframework.core.io.support.PathMatchingResourcePatternResolver - Looking for matching resources in directory tree [E:\Data\duoduo\target\classes\com\zdd\duoduo]
16:06:03.310 [main] DEBUG org.springframework.core.io.support.PathMatchingResourcePatternResolver - Searching directory [E:\Data\duoduo\target\classes\com\zdd\duoduo] for files matching pattern [E:/Data/duoduo/target/classes/com/zdd/duoduo/*.class]
16:06:03.311 [main] DEBUG org.springframework.core.io.support.PathMatchingResourcePatternResolver - Resolved location pattern [classpath*:com/zdd/duoduo/*.class] to resources [file [E:\Data\duoduo\target\test-classes\com\zdd\duoduo\DuoduoApplicationTests.class], file [E:\Data\duoduo\target\classes\com\zdd\duoduo\DuoduoApplication.class]]
16:06:03.337 [main] DEBUG org.springframework.context.annotation.ClassPathScanningCandidateComponentProvider - Identified candidate component class: file [E:\Data\duoduo\target\classes\com\zdd\duoduo\DuoduoApplication.class]
16:06:03.337 [main] INFO org.springframework.boot.test.context.SpringBootTestContextBootstrapper - Found @SpringBootConfiguration com.zdd.duoduo.DuoduoApplication for test class com.zdd.duoduo.DuoduoApplicationTests
16:06:03.340 [main] DEBUG org.springframework.boot.test.context.SpringBootTestContextBootstrapper - @TestExecutionListeners is not present for class [com.zdd.duoduo.DuoduoApplicationTests]: using defaults.
16:06:03.342 [main] INFO org.springframework.boot.test.context.SpringBootTestContextBootstrapper - Loaded default TestExecutionListener class names from location [META-INF/spring.factories]: [org.springframework.boot.test.mock.mockito.MockitoTestExecutionListener, org.springframework.boot.test.mock.mockito.ResetMocksTestExecutionListener, org.springframework.boot.test.autoconfigure.restdocs.RestDocsTestExecutionListener, org.springframework.boot.test.autoconfigure.web.client.MockRestServiceServerResetTestExecutionListener, org.springframework.boot.test.autoconfigure.web.servlet.MockMvcPrintOnlyOnFailureTestExecutionListener, org.springframework.boot.test.autoconfigure.web.servlet.WebDriverTestExecutionListener, org.springframework.test.context.web.ServletTestExecutionListener, org.springframework.test.context.support.DirtiesContextBeforeModesTestExecutionListener, org.springframework.test.context.support.DependencyInjectionTestExecutionListener, org.springframework.test.context.support.DirtiesContextTestExecutionListener, org.springframework.test.context.transaction.TransactionalTestExecutionListener, org.springframework.test.context.jdbc.SqlScriptsTestExecutionListener]
16:06:03.352 [main] INFO org.springframework.boot.test.context.SpringBootTestContextBootstrapper - Using TestExecutionListeners: [org.springframework.test.context.web.ServletTestExecutionListener@1ad282e0, org.springframework.test.context.support.DirtiesContextBeforeModesTestExecutionListener@7f416310, org.springframework.boot.test.mock.mockito.MockitoTestExecutionListener@1cab0bfb, org.springframework.boot.test.autoconfigure.SpringBootDependencyInjectionTestExecutionListener@5e955596, org.springframework.test.context.support.DirtiesContextTestExecutionListener@50de0926, org.springframework.test.context.transaction.TransactionalTestExecutionListener@2473b9ce, org.springframework.test.context.jdbc.SqlScriptsTestExecutionListener@60438a68, org.springframework.boot.test.mock.mockito.ResetMocksTestExecutionListener@140e5a13, org.springframework.boot.test.autoconfigure.restdocs.RestDocsTestExecutionListener@3439f68d, org.springframework.boot.test.autoconfigure.web.client.MockRestServiceServerResetTestExecutionListener@dbd940d, org.springframework.boot.test.autoconfigure.web.servlet.MockMvcPrintOnlyOnFailureTestExecutionListener@71d15f18, org.springframework.boot.test.autoconfigure.web.servlet.WebDriverTestExecutionListener@17695df3]
16:06:03.354 [main] DEBUG org.springframework.test.annotation.ProfileValueUtils - Retrieved @ProfileValueSourceConfiguration [null] for test class [com.zdd.duoduo.DuoduoApplicationTests]
16:06:03.354 [main] DEBUG org.springframework.test.annotation.ProfileValueUtils - Retrieved ProfileValueSource type [class org.springframework.test.annotation.SystemProfileValueSource] for class [com.zdd.duoduo.DuoduoApplicationTests]
16:06:03.355 [main] DEBUG org.springframework.test.context.junit4.SpringJUnit4ClassRunner - SpringJUnit4ClassRunner constructor called with [class com.zdd.duoduo.DuoduoApplicationTests]
16:06:03.355 [main] DEBUG org.springframework.test.context.BootstrapUtils - Instantiating CacheAwareContextLoaderDelegate from class [org.springframework.test.context.cache.DefaultCacheAwareContextLoaderDelegate]
16:06:03.355 [main] DEBUG org.springframework.test.context.BootstrapUtils - Instantiating BootstrapContext using constructor [public org.springframework.test.context.support.DefaultBootstrapContext(java.lang.Class,org.springframework.test.context.CacheAwareContextLoaderDelegate)]
16:06:03.355 [main] DEBUG org.springframework.test.context.BootstrapUtils - Instantiating TestContextBootstrapper for test class [com.zdd.duoduo.DuoduoApplicationTests] from class [org.springframework.boot.test.context.SpringBootTestContextBootstrapper]
16:06:03.356 [main] INFO org.springframework.boot.test.context.SpringBootTestContextBootstrapper - Neither @ContextConfiguration nor @ContextHierarchy found for test class [com.zdd.duoduo.DuoduoApplicationTests], using SpringBootContextLoader
16:06:03.356 [main] DEBUG org.springframework.test.context.support.AbstractContextLoader - Did not detect default resource location for test class [com.zdd.duoduo.DuoduoApplicationTests]: class path resource [com/zdd/duoduo/DuoduoApplicationTests-context.xml] does not exist
16:06:03.356 [main] DEBUG org.springframework.test.context.support.AbstractContextLoader - Did not detect default resource location for test class [com.zdd.duoduo.DuoduoApplicationTests]: class path resource [com/zdd/duoduo/DuoduoApplicationTestsContext.groovy] does not exist
16:06:03.356 [main] INFO org.springframework.test.context.support.AbstractContextLoader - Could not detect default resource locations for test class [com.zdd.duoduo.DuoduoApplicationTests]: no resource found for suffixes {-context.xml, Context.groovy}.
16:06:03.356 [main] INFO org.springframework.test.context.support.AnnotationConfigContextLoaderUtils - Could not detect default configuration classes for test class [com.zdd.duoduo.DuoduoApplicationTests]: DuoduoApplicationTests does not declare any static, non-private, non-final, nested classes annotated with @Configuration.
16:06:03.359 [main] DEBUG org.springframework.test.context.support.ActiveProfilesUtils - Could not find an 'annotation declaring class' for annotation type [org.springframework.test.context.ActiveProfiles] and class [com.zdd.duoduo.DuoduoApplicationTests]
16:06:03.360 [main] DEBUG org.springframework.core.env.StandardEnvironment - Adding PropertySource 'systemProperties' with lowest search precedence
16:06:03.360 [main] DEBUG org.springframework.core.env.StandardEnvironment - Adding PropertySource 'systemEnvironment' with lowest search precedence
16:06:03.360 [main] DEBUG org.springframework.core.env.StandardEnvironment - Initialized StandardEnvironment with PropertySources [MapPropertySource@688766789 {name='systemProperties', properties={java.runtime.name=Java(TM) SE Runtime Environment, sun.boot.library.path=E:\java\jdk1.8.0_211\jre\bin, java.vm.version=25.211-b12, java.vm.vendor=Oracle Corporation, java.vendor.url=http://java.oracle.com/, path.separator=;, java.vm.name=Java HotSpot(TM) 64-Bit Server VM, file.encoding.pkg=sun.io, user.country=CN, user.script=, sun.java.launcher=SUN_STANDARD, sun.os.patch.level=, java.vm.specification.name=Java Virtual Machine Specification, user.dir=E:\Data\duoduo, java.runtime.version=1.8.0_211-b12, basedir=E:\Data\duoduo, java.awt.graphicsenv=sun.awt.Win32GraphicsEnvironment, java.endorsed.dirs=E:\java\jdk1.8.0_211\jre\lib\endorsed, os.arch=amd64, surefire.real.class.path=E:\Data\duoduo\target\surefire\surefirebooter9130537613831060316.jar, java.io.tmpdir=C:\Users\Administrator\AppData\Local\Temp\, line.separator=
, java.vm.specification.vendor=Oracle Corporation, user.variant=, os.name=Windows 10, sun.jnu.encoding=GBK, java.library.path=E:\java\jdk1.8.0_211\jre\bin;C:\Windows\Sun\Java\bin;C:\Windows\system32;C:\Windows;E:\java\apache-tomcat-7.0.94\lib;E:\java\apache-tomcat-7.0.94\bin;E:\java\apache-maven-3.6.1\bin\;E:\java\jdk1.8.0_211\bin;E:\java\jdk1.8.0_211\jre\bin;C:\Program Files (x86)\Common Files\Oracle\Java\javapath;C:\Windows\system32;C:\Windows;C:\Windows\System32\Wbem;C:\Windows\System32\WindowsPowerShell\v1.0\;C:\Windows\System32\OpenSSH\;C:\Program Files (x86)\NVIDIA Corporation\PhysX\Common;C:\Program Files\NVIDIA Corporation\NVIDIA NvDLISR;E:\java\MySQL5.5\bin;C:\Users\Administrator\AppData\Local\Microsoft\WindowsApps;;., surefire.test.class.path=E:\Data\duoduo\target\test-classes;E:\Data\duoduo\target\classes;E:\Data\MavenData\org\springframework\boot\spring-boot-starter-web\1.5.21.RELEASE\spring-boot-starter-web-1.5.21.RELEASE.jar;E:\Data\MavenData\org\springframework\boot\spring-boot-starter\1.5.21.RELEASE\spring-boot-starter-1.5.21.RELEASE.jar;E:\Data\MavenData\org\springframework\boot\spring-boot\1.5.21.RELEASE\spring-boot-1.5.21.RELEASE.jar;E:\Data\MavenData\org\springframework\boot\spring-boot-autoconfigure\1.5.21.RELEASE\spring-boot-autoconfigure-1.5.21.RELEASE.jar;E:\Data\MavenData\org\springframework\boot\spring-boot-starter-logging\1.5.21.RELEASE\spring-boot-starter-logging-1.5.21.RELEASE.jar;E:\Data\MavenData\ch\qos\logback\logback-classic\1.1.11\logback-classic-1.1.11.jar;E:\Data\MavenData\ch\qos\logback\logback-core\1.1.11\logback-core-1.1.11.jar;E:\Data\MavenData\org\slf4j\jcl-over-slf4j\1.7.26\jcl-over-slf4j-1.7.26.jar;E:\Data\MavenData\org\slf4j\jul-to-slf4j\1.7.26\jul-to-slf4j-1.7.26.jar;E:\Data\MavenData\org\slf4j\log4j-over-slf4j\1.7.26\log4j-over-slf4j-1.7.26.jar;E:\Data\MavenData\org\yaml\snakeyaml\1.17\snakeyaml-1.17.jar;E:\Data\MavenData\org\springframework\boot\spring-boot-starter-tomcat\1.5.21.RELEASE\spring-boot-starter-tomcat-1.5.21.RELEASE.jar;E:\Data\MavenData\org\apache\tomcat\embed\tomcat-embed-core\8.5.40\tomcat-embed-core-8.5.40.jar;E:\Data\MavenData\org\apache\tomcat\tomcat-annotations-api\8.5.40\tomcat-annotations-api-8.5.40.jar;E:\Data\MavenData\org\apache\tomcat\embed\tomcat-embed-el\8.5.40\tomcat-embed-el-8.5.40.jar;E:\Data\MavenData\org\apache\tomcat\embed\tomcat-embed-websocket\8.5.40\tomcat-embed-websocket-8.5.40.jar;E:\Data\MavenData\org\hibernate\hibernate-validator\5.3.6.Final\hibernate-validator-5.3.6.Final.jar;E:\Data\MavenData\javax\validation\validation-api\1.1.0.Final\validation-api-1.1.0.Final.jar;E:\Data\MavenData\org\jboss\logging\jboss-logging\3.3.2.Final\jboss-logging-3.3.2.Final.jar;E:\Data\MavenData\com\fasterxml\classmate\1.3.4\classmate-1.3.4.jar;E:\Data\MavenData\com\fasterxml\jackson\core\jackson-databind\2.8.11.3\jackson-databind-2.8.11.3.jar;E:\Data\MavenData\com\fasterxml\jackson\core\jackson-annotations\2.8.0\jackson-annotations-2.8.0.jar;E:\Data\MavenData\com\fasterxml\jackson\core\jackson-core\2.8.11\jackson-core-2.8.11.jar;E:\Data\MavenData\org\springframework\spring-web\4.3.24.RELEASE\spring-web-4.3.24.RELEASE.jar;E:\Data\MavenData\org\springframework\spring-aop\4.3.24.RELEASE\spring-aop-4.3.24.RELEASE.jar;E:\Data\MavenData\org\springframework\spring-beans\4.3.24.RELEASE\spring-beans-4.3.24.RELEASE.jar;E:\Data\MavenData\org\springframework\spring-context\4.3.24.RELEASE\spring-context-4.3.24.RELEASE.jar;E:\Data\MavenData\org\springframework\spring-webmvc\4.3.24.RELEASE\spring-webmvc-4.3.24.RELEASE.jar;E:\Data\MavenData\org\springframework\spring-expression\4.3.24.RELEASE\spring-expression-4.3.24.RELEASE.jar;E:\Data\MavenData\org\mybatis\spring\boot\mybatis-spring-boot-starter\1.3.4\mybatis-spring-boot-starter-1.3.4.jar;E:\Data\MavenData\org\springframework\boot\spring-boot-starter-jdbc\1.5.21.RELEASE\spring-boot-starter-jdbc-1.5.21.RELEASE.jar;E:\Data\MavenData\org\apache\tomcat\tomcat-jdbc\8.5.40\tomcat-jdbc-8.5.40.jar;E:\Data\MavenData\org\apache\tomcat\tomcat-juli\8.5.40\tomcat-juli-8.5.40.jar;E:\Data\MavenData\org\springframework\spring-jdbc\4.3.24.RELEASE\spring-jdbc-4.3.24.RELEASE.jar;E:\Data\MavenData\org\springframework\spring-tx\4.3.24.RELEASE\spring-tx-4.3.24.RELEASE.jar;E:\Data\MavenData\org\mybatis\spring\boot\mybatis-spring-boot-autoconfigure\1.3.4\mybatis-spring-boot-autoconfigure-1.3.4.jar;E:\Data\MavenData\org\mybatis\mybatis\3.4.6\mybatis-3.4.6.jar;E:\Data\MavenData\org\mybatis\mybatis-spring\1.3.2\mybatis-spring-1.3.2.jar;E:\Data\MavenData\mysql\mysql-connector-java\5.1.47\mysql-connector-java-5.1.47.jar;E:\Data\MavenData\org\springframework\boot\spring-boot-starter-test\1.5.21.RELEASE\spring-boot-starter-test-1.5.21.RELEASE.jar;E:\Data\MavenData\org\springframework\boot\spring-boot-test\1.5.21.RELEASE\spring-boot-test-1.5.21.RELEASE.jar;E:\Data\MavenData\org\springframework\boot\spring-boot-test-autoconfigure\1.5.21.RELEASE\spring-boot-test-autoconfigure-1.5.21.RELEASE.jar;E:\Data\MavenData\com\jayway\jsonpath\json-path\2.2.0\json-path-2.2.0.jar;E:\Data\MavenData\net\minidev\json-smart\2.2.1\json-smart-2.2.1.jar;E:\Data\MavenData\net\minidev\accessors-smart\1.1\accessors-smart-1.1.jar;E:\Data\MavenData\org\ow2\asm\asm\5.0.3\asm-5.0.3.jar;E:\Data\MavenData\org\slf4j\slf4j-api\1.7.26\slf4j-api-1.7.26.jar;E:\Data\MavenData\junit\junit\4.12\junit-4.12.jar;E:\Data\MavenData\org\assertj\assertj-core\2.6.0\assertj-core-2.6.0.jar;E:\Data\MavenData\org\mockito\mockito-core\1.10.19\mockito-core-1.10.19.jar;E:\Data\MavenData\org\objenesis\objenesis\2.1\objenesis-2.1.jar;E:\Data\MavenData\org\hamcrest\hamcrest-core\1.3\hamcrest-core-1.3.jar;E:\Data\MavenData\org\hamcrest\hamcrest-library\1.3\hamcrest-library-1.3.jar;E:\Data\MavenData\org\skyscreamer\jsonassert\1.4.0\jsonassert-1.4.0.jar;E:\Data\MavenData\com\vaadin\external\google\android-json\0.0.20131108.vaadin1\android-json-0.0.20131108.vaadin1.jar;E:\Data\MavenData\org\springframework\spring-core\4.3.24.RELEASE\spring-core-4.3.24.RELEASE.jar;E:\Data\MavenData\org\springframework\spring-test\4.3.24.RELEASE\spring-test-4.3.24.RELEASE.jar;, java.specification.name=Java Platform API Specification, java.class.version=52.0, sun.management.compiler=HotSpot 64-Bit Tiered Compilers, os.version=10.0, user.home=C:\Users\Administrator, user.timezone=Asia/Shanghai, java.awt.printerjob=sun.awt.windows.WPrinterJob, file.encoding=GBK, java.specification.version=1.8, java.class.path=E:\Data\duoduo\target\test-classes;E:\Data\duoduo\target\classes;E:\Data\MavenData\org\springframework\boot\spring-boot-starter-web\1.5.21.RELEASE\spring-boot-starter-web-1.5.21.RELEASE.jar;E:\Data\MavenData\org\springframework\boot\spring-boot-starter\1.5.21.RELEASE\spring-boot-starter-1.5.21.RELEASE.jar;E:\Data\MavenData\org\springframework\boot\spring-boot\1.5.21.RELEASE\spring-boot-1.5.21.RELEASE.jar;E:\Data\MavenData\org\springframework\boot\spring-boot-autoconfigure\1.5.21.RELEASE\spring-boot-autoconfigure-1.5.21.RELEASE.jar;E:\Data\MavenData\org\springframework\boot\spring-boot-starter-logging\1.5.21.RELEASE\spring-boot-starter-logging-1.5.21.RELEASE.jar;E:\Data\MavenData\ch\qos\logback\logback-classic\1.1.11\logback-classic-1.1.11.jar;E:\Data\MavenData\ch\qos\logback\logback-core\1.1.11\logback-core-1.1.11.jar;E:\Data\MavenData\org\slf4j\jcl-over-slf4j\1.7.26\jcl-over-slf4j-1.7.26.jar;E:\Data\MavenData\org\slf4j\jul-to-slf4j\1.7.26\jul-to-slf4j-1.7.26.jar;E:\Data\MavenData\org\slf4j\log4j-over-slf4j\1.7.26\log4j-over-slf4j-1.7.26.jar;E:\Data\MavenData\org\yaml\snakeyaml\1.17\snakeyaml-1.17.jar;E:\Data\MavenData\org\springframework\boot\spring-boot-starter-tomcat\1.5.21.RELEASE\spring-boot-starter-tomcat-1.5.21.RELEASE.jar;E:\Data\MavenData\org\apache\tomcat\embed\tomcat-embed-core\8.5.40\tomcat-embed-core-8.5.40.jar;E:\Data\MavenData\org\apache\tomcat\tomcat-annotations-api\8.5.40\tomcat-annotations-api-8.5.40.jar;E:\Data\MavenData\org\apache\tomcat\embed\tomcat-embed-el\8.5.40\tomcat-embed-el-8.5.40.jar;E:\Data\MavenData\org\apache\tomcat\embed\tomcat-embed-websocket\8.5.40\tomcat-embed-websocket-8.5.40.jar;E:\Data\MavenData\org\hibernate\hibernate-validator\5.3.6.Final\hibernate-validator-5.3.6.Final.jar;E:\Data\MavenData\javax\validation\validation-api\1.1.0.Final\validation-api-1.1.0.Final.jar;E:\Data\MavenData\org\jboss\logging\jboss-logging\3.3.2.Final\jboss-logging-3.3.2.Final.jar;E:\Data\MavenData\com\fasterxml\classmate\1.3.4\classmate-1.3.4.jar;E:\Data\MavenData\com\fasterxml\jackson\core\jackson-databind\2.8.11.3\jackson-databind-2.8.11.3.jar;E:\Data\MavenData\com\fasterxml\jackson\core\jackson-annotations\2.8.0\jackson-annotations-2.8.0.jar;E:\Data\MavenData\com\fasterxml\jackson\core\jackson-core\2.8.11\jackson-core-2.8.11.jar;E:\Data\MavenData\org\springframework\spring-web\4.3.24.RELEASE\spring-web-4.3.24.RELEASE.jar;E:\Data\MavenData\org\springframework\spring-aop\4.3.24.RELEASE\spring-aop-4.3.24.RELEASE.jar;E:\Data\MavenData\org\springframework\spring-beans\4.3.24.RELEASE\spring-beans-4.3.24.RELEASE.jar;E:\Data\MavenData\org\springframework\spring-context\4.3.24.RELEASE\spring-context-4.3.24.RELEASE.jar;E:\Data\MavenData\org\springframework\spring-webmvc\4.3.24.RELEASE\spring-webmvc-4.3.24.RELEASE.jar;E:\Data\MavenData\org\springframework\spring-expression\4.3.24.RELEASE\spring-expression-4.3.24.RELEASE.jar;E:\Data\MavenData\org\mybatis\spring\boot\mybatis-spring-boot-starter\1.3.4\mybatis-spring-boot-starter-1.3.4.jar;E:\Data\MavenData\org\springframework\boot\spring-boot-starter-jdbc\1.5.21.RELEASE\spring-boot-starter-jdbc-1.5.21.RELEASE.jar;E:\Data\MavenData\org\apache\tomcat\tomcat-jdbc\8.5.40\tomcat-jdbc-8.5.40.jar;E:\Data\MavenData\org\apache\tomcat\tomcat-juli\8.5.40\tomcat-juli-8.5.40.jar;E:\Data\MavenData\org\springframework\spring-jdbc\4.3.24.RELEASE\spring-jdbc-4.3.24.RELEASE.jar;E:\Data\MavenData\org\springframework\spring-tx\4.3.24.RELEASE\spring-tx-4.3.24.RELEASE.jar;E:\Data\MavenData\org\mybatis\spring\boot\mybatis-spring-boot-autoconfigure\1.3.4\mybatis-spring-boot-autoconfigure-1.3.4.jar;E:\Data\MavenData\org\mybatis\mybatis\3.4.6\mybatis-3.4.6.jar;E:\Data\MavenData\org\mybatis\mybatis-spring\1.3.2\mybatis-spring-1.3.2.jar;E:\Data\MavenData\mysql\mysql-connector-java\5.1.47\mysql-connector-java-5.1.47.jar;E:\Data\MavenData\org\springframework\boot\spring-boot-starter-test\1.5.21.RELEASE\spring-boot-starter-test-1.5.21.RELEASE.jar;E:\Data\MavenData\org\springframework\boot\spring-boot-test\1.5.21.RELEASE\spring-boot-test-1.5.21.RELEASE.jar;E:\Data\MavenData\org\springframework\boot\spring-boot-test-autoconfigure\1.5.21.RELEASE\spring-boot-test-autoconfigure-1.5.21.RELEASE.jar;E:\Data\MavenData\com\jayway\jsonpath\json-path\2.2.0\json-path-2.2.0.jar;E:\Data\MavenData\net\minidev\json-smart\2.2.1\json-smart-2.2.1.jar;E:\Data\MavenData\net\minidev\accessors-smart\1.1\accessors-smart-1.1.jar;E:\Data\MavenData\org\ow2\asm\asm\5.0.3\asm-5.0.3.jar;E:\Data\MavenData\org\slf4j\slf4j-api\1.7.26\slf4j-api-1.7.26.jar;E:\Data\MavenData\junit\junit\4.12\junit-4.12.jar;E:\Data\MavenData\org\assertj\assertj-core\2.6.0\assertj-core-2.6.0.jar;E:\Data\MavenData\org\mockito\mockito-core\1.10.19\mockito-core-1.10.19.jar;E:\Data\MavenData\org\objenesis\objenesis\2.1\objenesis-2.1.jar;E:\Data\MavenData\org\hamcrest\hamcrest-core\1.3\hamcrest-core-1.3.jar;E:\Data\MavenData\org\hamcrest\hamcrest-library\1.3\hamcrest-library-1.3.jar;E:\Data\MavenData\org\skyscreamer\jsonassert\1.4.0\jsonassert-1.4.0.jar;E:\Data\MavenData\com\vaadin\external\google\android-json\0.0.20131108.vaadin1\android-json-0.0.20131108.vaadin1.jar;E:\Data\MavenData\org\springframework\spring-core\4.3.24.RELEASE\spring-core-4.3.24.RELEASE.jar;E:\Data\MavenData\org\springframework\spring-test\4.3.24.RELEASE\spring-test-4.3.24.RELEASE.jar;, user.name=ÄêÔÆºº£¬, java.vm.specification.version=1.8, sun.java.command=E:\Data\duoduo\target\surefire\surefirebooter9130537613831060316.jar E:\Data\duoduo\target\surefire\surefire860236524479200735tmp E:\Data\duoduo\target\surefire\surefire_05357407558621665530tmp, java.home=E:\java\jdk1.8.0_211\jre, sun.arch.data.model=64, user.language=zh, java.specification.vendor=Oracle Corporation, awt.toolkit=sun.awt.windows.WToolkit, java.vm.info=mixed mode, idea.version2019.1.1=true, java.version=1.8.0_211, java.ext.dirs=E:\java\jdk1.8.0_211\jre\lib\ext;C:\Windows\Sun\Java\lib\ext, sun.boot.class.path=E:\java\jdk1.8.0_211\jre\lib\resources.jar;E:\java\jdk1.8.0_211\jre\lib\rt.jar;E:\java\jdk1.8.0_211\jre\lib\sunrsasign.jar;E:\java\jdk1.8.0_211\jre\lib\jsse.jar;E:\java\jdk1.8.0_211\jre\lib\jce.jar;E:\java\jdk1.8.0_211\jre\lib\charsets.jar;E:\java\jdk1.8.0_211\jre\lib\jfr.jar;E:\java\jdk1.8.0_211\jre\classes, java.vendor=Oracle Corporation, localRepository=E:\Data\MavenData, file.separator=\, java.vendor.url.bug=http://bugreport.sun.com/bugreport/, sun.io.unicode.encoding=UnicodeLittle, sun.cpu.endian=little, sun.desktop=windows, sun.cpu.isalist=amd64}}, SystemEnvironmentPropertySource@302155142 {name='systemEnvironment', properties={PATH=E:\java\apache-tomcat-7.0.94\lib;E:\java\apache-tomcat-7.0.94\bin;E:\java\apache-maven-3.6.1\bin\;E:\java\jdk1.8.0_211\bin;E:\java\jdk1.8.0_211\jre\bin;C:\Program Files (x86)\Common Files\Oracle\Java\javapath;C:\Windows\system32;C:\Windows;C:\Windows\System32\Wbem;C:\Windows\System32\WindowsPowerShell\v1.0\;C:\Windows\System32\OpenSSH\;C:\Program Files (x86)\NVIDIA Corporation\PhysX\Common;C:\Program Files\NVIDIA Corporation\NVIDIA NvDLISR;E:\java\MySQL5.5\bin;C:\Users\Administrator\AppData\Local\Microsoft\WindowsApps;, USERDOMAIN_ROAMINGPROFILE=ÄêÔÆººØ¼, LOCALAPPDATA=C:\Users\Administrator\AppData\Local, PROCESSOR_LEVEL=6, SYSTEMDRIVE=C:, COMMONPROGRAMFILES(X86)=C:\Program Files (x86)\Common Files, USERDOMAIN=ÄêÔÆººØ¼, LOGONSERVER=\\ÄêÔÆººØ¼, JAVA_HOME=E:\java\jdk1.8.0_211, PROMPT=$P$G, SESSIONNAME=Console, ALLUSERSPROFILE=C:\ProgramData, PROGRAMFILES(X86)=C:\Program Files (x86), PROCESSOR_ARCHITECTURE=AMD64, DRIVERDATA=C:\Windows\System32\Drivers\DriverData, =E:=E:\Data\duoduo, MAVEN_HOME=E:\java\apache-maven-3.6.1, PROGRAMFILES=C:\Program Files, APPDATA=C:\Users\Administrator\AppData\Roaming, PSMODULEPATH=C:\Program Files\WindowsPowerShell\Modules;C:\Windows\system32\WindowsPowerShell\v1.0\Modules, PROGRAMW6432=C:\Program Files, PROGRAMDATA=C:\ProgramData, SYSTEMROOT=C:\Windows, USERNAME=ÄêÔÆºº£¬, PATHEXT=.COM;.EXE;.BAT;.CMD;.VBS;.VBE;.JS;.JSE;.WSF;.WSH;.MSC, OS=Windows_NT, COMMONPROGRAMW6432=C:\Program Files\Common Files, COMPUTERNAME=ÄêÔÆººØ¼, COMMONPROGRAMFILES=C:\Program Files\Common Files, COMSPEC=C:\Windows\system32\cmd.exe, CATALINA_HOME=E:\java\apache-tomcat-7.0.94, PROCESSOR_REVISION=9e0a, CLASSPATH=.;E:\java\jdk1.8.0_211\bin;E:\java\jdk1.8.0_211\lib\dt.jar;E:\java\jdk1.8.0_211\lib\tools.jar, WINDIR=C:\Windows, HOMEPATH=\Users\Administrator, TEMP=C:\Users\Administrator\AppData\Local\Temp, HOMEDRIVE=C:, PROCESSOR_IDENTIFIER=Intel64 Family 6 Model 158 Stepping 10, GenuineIntel, USERPROFILE=C:\Users\Administrator, TMP=C:\Users\Administrator\AppData\Local\Temp, PUBLIC=C:\Users\Public, NUMBER_OF_PROCESSORS=12, =::=::\}}]
16:06:03.361 [main] INFO org.springframework.boot.test.context.SpringBootTestContextBootstrapper - Found @SpringBootConfiguration com.zdd.duoduo.DuoduoApplication for test class com.zdd.duoduo.DuoduoApplicationTests
16:06:03.362 [main] DEBUG org.springframework.boot.test.context.SpringBootTestContextBootstrapper - @TestExecutionListeners is not present for class [com.zdd.duoduo.DuoduoApplicationTests]: using defaults.
16:06:03.363 [main] INFO org.springframework.boot.test.context.SpringBootTestContextBootstrapper - Loaded default TestExecutionListener class names from location [META-INF/spring.factories]: [org.springframework.boot.test.mock.mockito.MockitoTestExecutionListener, org.springframework.boot.test.mock.mockito.ResetMocksTestExecutionListener, org.springframework.boot.test.autoconfigure.restdocs.RestDocsTestExecutionListener, org.springframework.boot.test.autoconfigure.web.client.MockRestServiceServerResetTestExecutionListener, org.springframework.boot.test.autoconfigure.web.servlet.MockMvcPrintOnlyOnFailureTestExecutionListener, org.springframework.boot.test.autoconfigure.web.servlet.WebDriverTestExecutionListener, org.springframework.test.context.web.ServletTestExecutionListener, org.springframework.test.context.support.DirtiesContextBeforeModesTestExecutionListener, org.springframework.test.context.support.DependencyInjectionTestExecutionListener, org.springframework.test.context.support.DirtiesContextTestExecutionListener, org.springframework.test.context.transaction.TransactionalTestExecutionListener, org.springframework.test.context.jdbc.SqlScriptsTestExecutionListener]
16:06:03.368 [main] INFO org.springframework.boot.test.context.SpringBootTestContextBootstrapper - Using TestExecutionListeners: [org.springframework.test.context.web.ServletTestExecutionListener@71248c21, org.springframework.test.context.support.DirtiesContextBeforeModesTestExecutionListener@442675e1, org.springframework.boot.test.mock.mockito.MockitoTestExecutionListener@6166e06f, org.springframework.boot.test.autoconfigure.SpringBootDependencyInjectionTestExecutionListener@49e202ad, org.springframework.test.context.support.DirtiesContextTestExecutionListener@1c72da34, org.springframework.test.context.transaction.TransactionalTestExecutionListener@6b0c2d26, org.springframework.test.context.jdbc.SqlScriptsTestExecutionListener@3d3fcdb0, org.springframework.boot.test.mock.mockito.ResetMocksTestExecutionListener@641147d0, org.springframework.boot.test.autoconfigure.restdocs.RestDocsTestExecutionListener@6e38921c, org.springframework.boot.test.autoconfigure.web.client.MockRestServiceServerResetTestExecutionListener@64d7f7e0, org.springframework.boot.test.autoconfigure.web.servlet.MockMvcPrintOnlyOnFailureTestExecutionListener@27c6e487, org.springframework.boot.test.autoconfigure.web.servlet.WebDriverTestExecutionListener@49070868]
16:06:03.368 [main] DEBUG org.springframework.test.annotation.ProfileValueUtils - Retrieved @ProfileValueSourceConfiguration [null] for test class [com.zdd.duoduo.DuoduoApplicationTests]
16:06:03.368 [main] DEBUG org.springframework.test.annotation.ProfileValueUtils - Retrieved ProfileValueSource type [class org.springframework.test.annotation.SystemProfileValueSource] for class [com.zdd.duoduo.DuoduoApplicationTests]
16:06:03.369 [main] DEBUG org.springframework.test.annotation.ProfileValueUtils - Retrieved @ProfileValueSourceConfiguration [null] for test class [com.zdd.duoduo.DuoduoApplicationTests]
16:06:03.369 [main] DEBUG org.springframework.test.annotation.ProfileValueUtils - Retrieved ProfileValueSource type [class org.springframework.test.annotation.SystemProfileValueSource] for class [com.zdd.duoduo.DuoduoApplicationTests]
16:06:03.372 [main] DEBUG org.springframework.test.context.support.AbstractDirtiesContextTestExecutionListener - Before test class: context [DefaultTestContext@58fdd99 testClass = DuoduoApplicationTests, testInstance = [null], testMethod = [null], testException = [null], mergedContextConfiguration = [WebMergedContextConfiguration@6b1274d2 testClass = DuoduoApplicationTests, locations = '{}', classes = '{class com.zdd.duoduo.DuoduoApplication}', contextInitializerClasses = '[]', activeProfiles = '{}', propertySourceLocations = '{}', propertySourceProperties = '{org.springframework.boot.test.context.SpringBootTestContextBootstrapper=true}', contextCustomizers = set[org.springframework.boot.test.context.SpringBootTestContextCustomizer@6adede5, org.springframework.boot.test.context.filter.ExcludeFilterContextCustomizer@49993335, org.springframework.boot.test.json.DuplicateJsonObjectContextCustomizerFactory$DuplicateJsonObjectContextCustomizer@64bfbc86, org.springframework.boot.test.mock.mockito.MockitoContextCustomizer@0, org.springframework.boot.test.autoconfigure.properties.PropertyMappingContextCustomizer@0, org.springframework.boot.test.autoconfigure.web.servlet.WebDriverContextCustomizerFactory$Customizer@6536e911], resourceBasePath = 'src/main/webapp', contextLoader = 'org.springframework.boot.test.context.SpringBootContextLoader', parent = [null]]], class annotated with @DirtiesContext [false] with mode [null].
16:06:03.372 [main] DEBUG org.springframework.test.annotation.ProfileValueUtils - Retrieved @ProfileValueSourceConfiguration [null] for test class [com.zdd.duoduo.DuoduoApplicationTests]
16:06:03.372 [main] DEBUG org.springframework.test.annotation.ProfileValueUtils - Retrieved ProfileValueSource type [class org.springframework.test.annotation.SystemProfileValueSource] for class [com.zdd.duoduo.DuoduoApplicationTests]
16:06:03.402 [main] DEBUG org.springframework.core.env.StandardEnvironment - Adding PropertySource 'systemProperties' with lowest search precedence
16:06:03.402 [main] DEBUG org.springframework.core.env.StandardEnvironment - Adding PropertySource 'systemEnvironment' with lowest search precedence
16:06:03.403 [main] DEBUG org.springframework.core.env.StandardEnvironment - Initialized StandardEnvironment with PropertySources [MapPropertySource@1686100174 {name='systemProperties', properties={java.runtime.name=Java(TM) SE Runtime Environment, sun.boot.library.path=E:\java\jdk1.8.0_211\jre\bin, java.vm.version=25.211-b12, java.vm.vendor=Oracle Corporation, java.vendor.url=http://java.oracle.com/, path.separator=;, java.vm.name=Java HotSpot(TM) 64-Bit Server VM, file.encoding.pkg=sun.io, user.country=CN, user.script=, sun.java.launcher=SUN_STANDARD, sun.os.patch.level=, java.vm.specification.name=Java Virtual Machine Specification, user.dir=E:\Data\duoduo, java.runtime.version=1.8.0_211-b12, basedir=E:\Data\duoduo, java.awt.graphicsenv=sun.awt.Win32GraphicsEnvironment, java.endorsed.dirs=E:\java\jdk1.8.0_211\jre\lib\endorsed, os.arch=amd64, surefire.real.class.path=E:\Data\duoduo\target\surefire\surefirebooter9130537613831060316.jar, java.io.tmpdir=C:\Users\Administrator\AppData\Local\Temp\, line.separator=
, java.vm.specification.vendor=Oracle Corporation, user.variant=, os.name=Windows 10, sun.jnu.encoding=GBK, java.library.path=E:\java\jdk1.8.0_211\jre\bin;C:\Windows\Sun\Java\bin;C:\Windows\system32;C:\Windows;E:\java\apache-tomcat-7.0.94\lib;E:\java\apache-tomcat-7.0.94\bin;E:\java\apache-maven-3.6.1\bin\;E:\java\jdk1.8.0_211\bin;E:\java\jdk1.8.0_211\jre\bin;C:\Program Files (x86)\Common Files\Oracle\Java\javapath;C:\Windows\system32;C:\Windows;C:\Windows\System32\Wbem;C:\Windows\System32\WindowsPowerShell\v1.0\;C:\Windows\System32\OpenSSH\;C:\Program Files (x86)\NVIDIA Corporation\PhysX\Common;C:\Program Files\NVIDIA Corporation\NVIDIA NvDLISR;E:\java\MySQL5.5\bin;C:\Users\Administrator\AppData\Local\Microsoft\WindowsApps;;., surefire.test.class.path=E:\Data\duoduo\target\test-classes;E:\Data\duoduo\target\classes;E:\Data\MavenData\org\springframework\boot\spring-boot-starter-web\1.5.21.RELEASE\spring-boot-starter-web-1.5.21.RELEASE.jar;E:\Data\MavenData\org\springframework\boot\spring-boot-starter\1.5.21.RELEASE\spring-boot-starter-1.5.21.RELEASE.jar;E:\Data\MavenData\org\springframework\boot\spring-boot\1.5.21.RELEASE\spring-boot-1.5.21.RELEASE.jar;E:\Data\MavenData\org\springframework\boot\spring-boot-autoconfigure\1.5.21.RELEASE\spring-boot-autoconfigure-1.5.21.RELEASE.jar;E:\Data\MavenData\org\springframework\boot\spring-boot-starter-logging\1.5.21.RELEASE\spring-boot-starter-logging-1.5.21.RELEASE.jar;E:\Data\MavenData\ch\qos\logback\logback-classic\1.1.11\logback-classic-1.1.11.jar;E:\Data\MavenData\ch\qos\logback\logback-core\1.1.11\logback-core-1.1.11.jar;E:\Data\MavenData\org\slf4j\jcl-over-slf4j\1.7.26\jcl-over-slf4j-1.7.26.jar;E:\Data\MavenData\org\slf4j\jul-to-slf4j\1.7.26\jul-to-slf4j-1.7.26.jar;E:\Data\MavenData\org\slf4j\log4j-over-slf4j\1.7.26\log4j-over-slf4j-1.7.26.jar;E:\Data\MavenData\org\yaml\snakeyaml\1.17\snakeyaml-1.17.jar;E:\Data\MavenData\org\springframework\boot\spring-boot-starter-tomcat\1.5.21.RELEASE\spring-boot-starter-tomcat-1.5.21.RELEASE.jar;E:\Data\MavenData\org\apache\tomcat\embed\tomcat-embed-core\8.5.40\tomcat-embed-core-8.5.40.jar;E:\Data\MavenData\org\apache\tomcat\tomcat-annotations-api\8.5.40\tomcat-annotations-api-8.5.40.jar;E:\Data\MavenData\org\apache\tomcat\embed\tomcat-embed-el\8.5.40\tomcat-embed-el-8.5.40.jar;E:\Data\MavenData\org\apache\tomcat\embed\tomcat-embed-websocket\8.5.40\tomcat-embed-websocket-8.5.40.jar;E:\Data\MavenData\org\hibernate\hibernate-validator\5.3.6.Final\hibernate-validator-5.3.6.Final.jar;E:\Data\MavenData\javax\validation\validation-api\1.1.0.Final\validation-api-1.1.0.Final.jar;E:\Data\MavenData\org\jboss\logging\jboss-logging\3.3.2.Final\jboss-logging-3.3.2.Final.jar;E:\Data\MavenData\com\fasterxml\classmate\1.3.4\classmate-1.3.4.jar;E:\Data\MavenData\com\fasterxml\jackson\core\jackson-databind\2.8.11.3\jackson-databind-2.8.11.3.jar;E:\Data\MavenData\com\fasterxml\jackson\core\jackson-annotations\2.8.0\jackson-annotations-2.8.0.jar;E:\Data\MavenData\com\fasterxml\jackson\core\jackson-core\2.8.11\jackson-core-2.8.11.jar;E:\Data\MavenData\org\springframework\spring-web\4.3.24.RELEASE\spring-web-4.3.24.RELEASE.jar;E:\Data\MavenData\org\springframework\spring-aop\4.3.24.RELEASE\spring-aop-4.3.24.RELEASE.jar;E:\Data\MavenData\org\springframework\spring-beans\4.3.24.RELEASE\spring-beans-4.3.24.RELEASE.jar;E:\Data\MavenData\org\springframework\spring-context\4.3.24.RELEASE\spring-context-4.3.24.RELEASE.jar;E:\Data\MavenData\org\springframework\spring-webmvc\4.3.24.RELEASE\spring-webmvc-4.3.24.RELEASE.jar;E:\Data\MavenData\org\springframework\spring-expression\4.3.24.RELEASE\spring-expression-4.3.24.RELEASE.jar;E:\Data\MavenData\org\mybatis\spring\boot\mybatis-spring-boot-starter\1.3.4\mybatis-spring-boot-starter-1.3.4.jar;E:\Data\MavenData\org\springframework\boot\spring-boot-starter-jdbc\1.5.21.RELEASE\spring-boot-starter-jdbc-1.5.21.RELEASE.jar;E:\Data\MavenData\org\apache\tomcat\tomcat-jdbc\8.5.40\tomcat-jdbc-8.5.40.jar;E:\Data\MavenData\org\apache\tomcat\tomcat-juli\8.5.40\tomcat-juli-8.5.40.jar;E:\Data\MavenData\org\springframework\spring-jdbc\4.3.24.RELEASE\spring-jdbc-4.3.24.RELEASE.jar;E:\Data\MavenData\org\springframework\spring-tx\4.3.24.RELEASE\spring-tx-4.3.24.RELEASE.jar;E:\Data\MavenData\org\mybatis\spring\boot\mybatis-spring-boot-autoconfigure\1.3.4\mybatis-spring-boot-autoconfigure-1.3.4.jar;E:\Data\MavenData\org\mybatis\mybatis\3.4.6\mybatis-3.4.6.jar;E:\Data\MavenData\org\mybatis\mybatis-spring\1.3.2\mybatis-spring-1.3.2.jar;E:\Data\MavenData\mysql\mysql-connector-java\5.1.47\mysql-connector-java-5.1.47.jar;E:\Data\MavenData\org\springframework\boot\spring-boot-starter-test\1.5.21.RELEASE\spring-boot-starter-test-1.5.21.RELEASE.jar;E:\Data\MavenData\org\springframework\boot\spring-boot-test\1.5.21.RELEASE\spring-boot-test-1.5.21.RELEASE.jar;E:\Data\MavenData\org\springframework\boot\spring-boot-test-autoconfigure\1.5.21.RELEASE\spring-boot-test-autoconfigure-1.5.21.RELEASE.jar;E:\Data\MavenData\com\jayway\jsonpath\json-path\2.2.0\json-path-2.2.0.jar;E:\Data\MavenData\net\minidev\json-smart\2.2.1\json-smart-2.2.1.jar;E:\Data\MavenData\net\minidev\accessors-smart\1.1\accessors-smart-1.1.jar;E:\Data\MavenData\org\ow2\asm\asm\5.0.3\asm-5.0.3.jar;E:\Data\MavenData\org\slf4j\slf4j-api\1.7.26\slf4j-api-1.7.26.jar;E:\Data\MavenData\junit\junit\4.12\junit-4.12.jar;E:\Data\MavenData\org\assertj\assertj-core\2.6.0\assertj-core-2.6.0.jar;E:\Data\MavenData\org\mockito\mockito-core\1.10.19\mockito-core-1.10.19.jar;E:\Data\MavenData\org\objenesis\objenesis\2.1\objenesis-2.1.jar;E:\Data\MavenData\org\hamcrest\hamcrest-core\1.3\hamcrest-core-1.3.jar;E:\Data\MavenData\org\hamcrest\hamcrest-library\1.3\hamcrest-library-1.3.jar;E:\Data\MavenData\org\skyscreamer\jsonassert\1.4.0\jsonassert-1.4.0.jar;E:\Data\MavenData\com\vaadin\external\google\android-json\0.0.20131108.vaadin1\android-json-0.0.20131108.vaadin1.jar;E:\Data\MavenData\org\springframework\spring-core\4.3.24.RELEASE\spring-core-4.3.24.RELEASE.jar;E:\Data\MavenData\org\springframework\spring-test\4.3.24.RELEASE\spring-test-4.3.24.RELEASE.jar;, java.specification.name=Java Platform API Specification, java.class.version=52.0, sun.management.compiler=HotSpot 64-Bit Tiered Compilers, os.version=10.0, user.home=C:\Users\Administrator, user.timezone=Asia/Shanghai, java.awt.printerjob=sun.awt.windows.WPrinterJob, file.encoding=GBK, java.specification.version=1.8, java.class.path=E:\Data\duoduo\target\test-classes;E:\Data\duoduo\target\classes;E:\Data\MavenData\org\springframework\boot\spring-boot-starter-web\1.5.21.RELEASE\spring-boot-starter-web-1.5.21.RELEASE.jar;E:\Data\MavenData\org\springframework\boot\spring-boot-starter\1.5.21.RELEASE\spring-boot-starter-1.5.21.RELEASE.jar;E:\Data\MavenData\org\springframework\boot\spring-boot\1.5.21.RELEASE\spring-boot-1.5.21.RELEASE.jar;E:\Data\MavenData\org\springframework\boot\spring-boot-autoconfigure\1.5.21.RELEASE\spring-boot-autoconfigure-1.5.21.RELEASE.jar;E:\Data\MavenData\org\springframework\boot\spring-boot-starter-logging\1.5.21.RELEASE\spring-boot-starter-logging-1.5.21.RELEASE.jar;E:\Data\MavenData\ch\qos\logback\logback-classic\1.1.11\logback-classic-1.1.11.jar;E:\Data\MavenData\ch\qos\logback\logback-core\1.1.11\logback-core-1.1.11.jar;E:\Data\MavenData\org\slf4j\jcl-over-slf4j\1.7.26\jcl-over-slf4j-1.7.26.jar;E:\Data\MavenData\org\slf4j\jul-to-slf4j\1.7.26\jul-to-slf4j-1.7.26.jar;E:\Data\MavenData\org\slf4j\log4j-over-slf4j\1.7.26\log4j-over-slf4j-1.7.26.jar;E:\Data\MavenData\org\yaml\snakeyaml\1.17\snakeyaml-1.17.jar;E:\Data\MavenData\org\springframework\boot\spring-boot-starter-tomcat\1.5.21.RELEASE\spring-boot-starter-tomcat-1.5.21.RELEASE.jar;E:\Data\MavenData\org\apache\tomcat\embed\tomcat-embed-core\8.5.40\tomcat-embed-core-8.5.40.jar;E:\Data\MavenData\org\apache\tomcat\tomcat-annotations-api\8.5.40\tomcat-annotations-api-8.5.40.jar;E:\Data\MavenData\org\apache\tomcat\embed\tomcat-embed-el\8.5.40\tomcat-embed-el-8.5.40.jar;E:\Data\MavenData\org\apache\tomcat\embed\tomcat-embed-websocket\8.5.40\tomcat-embed-websocket-8.5.40.jar;E:\Data\MavenData\org\hibernate\hibernate-validator\5.3.6.Final\hibernate-validator-5.3.6.Final.jar;E:\Data\MavenData\javax\validation\validation-api\1.1.0.Final\validation-api-1.1.0.Final.jar;E:\Data\MavenData\org\jboss\logging\jboss-logging\3.3.2.Final\jboss-logging-3.3.2.Final.jar;E:\Data\MavenData\com\fasterxml\classmate\1.3.4\classmate-1.3.4.jar;E:\Data\MavenData\com\fasterxml\jackson\core\jackson-databind\2.8.11.3\jackson-databind-2.8.11.3.jar;E:\Data\MavenData\com\fasterxml\jackson\core\jackson-annotations\2.8.0\jackson-annotations-2.8.0.jar;E:\Data\MavenData\com\fasterxml\jackson\core\jackson-core\2.8.11\jackson-core-2.8.11.jar;E:\Data\MavenData\org\springframework\spring-web\4.3.24.RELEASE\spring-web-4.3.24.RELEASE.jar;E:\Data\MavenData\org\springframework\spring-aop\4.3.24.RELEASE\spring-aop-4.3.24.RELEASE.jar;E:\Data\MavenData\org\springframework\spring-beans\4.3.24.RELEASE\spring-beans-4.3.24.RELEASE.jar;E:\Data\MavenData\org\springframework\spring-context\4.3.24.RELEASE\spring-context-4.3.24.RELEASE.jar;E:\Data\MavenData\org\springframework\spring-webmvc\4.3.24.RELEASE\spring-webmvc-4.3.24.RELEASE.jar;E:\Data\MavenData\org\springframework\spring-exp
[...]
n, awt.toolkit=sun.awt.windows.WToolkit, java.vm.info=mixed mode, idea.version2019.1.1=true, java.version=1.8.0_211, java.ext.dirs=E:\java\jdk1.8.0_211\jre\lib\ext;C:\Windows\Sun\Java\lib\ext, sun.boot.class.path=E:\java\jdk1.8.0_211\jre\lib\resources.jar;E:\java\jdk1.8.0_211\jre\lib\rt.jar;E:\java\jdk1.8.0_211\jre\lib\sunrsasign.jar;E:\java\jdk1.8.0_211\jre\lib\jsse.jar;E:\java\jdk1.8.0_211\jre\lib\jce.jar;E:\java\jdk1.8.0_211\jre\lib\charsets.jar;E:\java\jdk1.8.0_211\jre\lib\jfr.jar;E:\java\jdk1.8.0_211\jre\classes, java.vendor=Oracle Corporation, localRepository=E:\Data\MavenData, file.separator=\, java.vendor.url.bug=http://bugreport.sun.com/bugreport/, sun.io.unicode.encoding=UnicodeLittle, sun.cpu.endian=little, sun.desktop=windows, sun.cpu.isalist=amd64}}, SystemEnvironmentPropertySource@22671767 {name='systemEnvironment', properties={PATH=E:\java\apache-tomcat-7.0.94\lib;E:\java\apache-tomcat-7.0.94\bin;E:\java\apache-maven-3.6.1\bin\;E:\java\jdk1.8.0_211\bin;E:\java\jdk1.8.0_211\jre\bin;C:\Program Files (x86)\Common Files\Oracle\Java\javapath;C:\Windows\system32;C:\Windows;C:\Windows\System32\Wbem;C:\Windows\System32\WindowsPowerShell\v1.0\;C:\Windows\System32\OpenSSH\;C:\Program Files (x86)\NVIDIA Corporation\PhysX\Common;C:\Program Files\NVIDIA Corporation\NVIDIA NvDLISR;E:\java\MySQL5.5\bin;C:\Users\Administrator\AppData\Local\Microsoft\WindowsApps;, USERDOMAIN_ROAMINGPROFILE=ÄêÔÆººØ¼, LOCALAPPDATA=C:\Users\Administrator\AppData\Local, PROCESSOR_LEVEL=6, SYSTEMDRIVE=C:, COMMONPROGRAMFILES(X86)=C:\Program Files (x86)\Common Files, USERDOMAIN=ÄêÔÆººØ¼, LOGONSERVER=\\ÄêÔÆººØ¼, JAVA_HOME=E:\java\jdk1.8.0_211, PROMPT=$P$G, SESSIONNAME=Console, ALLUSERSPROFILE=C:\ProgramData, PROGRAMFILES(X86)=C:\Program Files (x86), PROCESSOR_ARCHITECTURE=AMD64, DRIVERDATA=C:\Windows\System32\Drivers\DriverData, =E:=E:\Data\duoduo, MAVEN_HOME=E:\java\apache-maven-3.6.1, PROGRAMFILES=C:\Program Files, APPDATA=C:\Users\Administrator\AppData\Roaming, PSMODULEPATH=C:\Program Files\WindowsPowerShell\Modules;C:\Windows\system32\WindowsPowerShell\v1.0\Modules, PROGRAMW6432=C:\Program Files, PROGRAMDATA=C:\ProgramData, SYSTEMROOT=C:\Windows, USERNAME=ÄêÔÆºº£¬, PATHEXT=.COM;.EXE;.BAT;.CMD;.VBS;.VBE;.JS;.JSE;.WSF;.WSH;.MSC, OS=Windows_NT, COMMONPROGRAMW6432=C:\Program Files\Common Files, COMPUTERNAME=ÄêÔÆººØ¼, COMMONPROGRAMFILES=C:\Program Files\Common Files, COMSPEC=C:\Windows\system32\cmd.exe, CATALINA_HOME=E:\java\apache-tomcat-7.0.94, PROCESSOR_REVISION=9e0a, CLASSPATH=.;E:\java\jdk1.8.0_211\bin;E:\java\jdk1.8.0_211\lib\dt.jar;E:\java\jdk1.8.0_211\lib\tools.jar, WINDIR=C:\Windows, HOMEPATH=\Users\Administrator, TEMP=C:\Users\Administrator\AppData\Local\Temp, HOMEDRIVE=C:, PROCESSOR_IDENTIFIER=Intel64 Family 6 Model 158 Stepping 10, GenuineIntel, USERPROFILE=C:\Users\Administrator, TMP=C:\Users\Administrator\AppData\Local\Temp, PUBLIC=C:\Users\Public, NUMBER_OF_PROCESSORS=12, =::=::\}}]
16:06:03.404 [main] DEBUG org.springframework.core.env.MutablePropertySources - Adding PropertySource 'inline' with highest search precedence
16:06:03.406 [main] DEBUG org.springframework.test.context.support.TestPropertySourceUtils - Adding inlined properties to environment: {spring.jmx.enabled=false, org.springframework.boot.test.context.SpringBootTestContextBootstrapper=true, server.port=-1}
16:06:03.407 [main] DEBUG org.springframework.core.env.StandardEnvironment - Adding PropertySource 'Inlined Test Properties' with highest search precedence

  .   ____          _            __ _ _
 /\\ / ___'_ __ _ _(_)_ __  __ _ \ \ \ \
( ( )\___ | '_ | '_| | '_ \/ _` | \ \ \ \
 \\/  ___)| |_)| | | | | || (_| |  ) ) ) )
  '  |____| .__|_| |_|_| |_\__, | / / / /
 =========|_|==============|___/=/_/_/_/
 :: Spring Boot ::       (v1.5.21.RELEASE)

2019-05-19 16:06:03.557  INFO 7468 --- [           main] com.zdd.duoduo.DuoduoApplicationTests    : Starting DuoduoApplicationTests on å¹´äº‘æ±‰ä¸¶ with PID 7468 (started by å¹´äº‘æ±‰ï¼Œ in E:\Data\duoduo)
2019-05-19 16:06:03.558  INFO 7468 --- [           main] com.zdd.duoduo.DuoduoApplicationTests    : No active profile set, falling back to default profiles: default
2019-05-19 16:06:03.590  INFO 7468 --- [           main] o.s.w.c.s.GenericWebApplicationContext   : Refreshing org.springframework.web.context.support.GenericWebApplicationContext@6c779568: startup date [Sun May 19 16:06:03 CST 2019]; root of context hierarchy
2019-05-19 16:06:03.909  WARN 7468 --- [           main] o.m.s.mapper.ClassPathMapperScanner      : No MyBatis mapper was found in '[com.zdd.duoduo]' package. Please check your configuration.
2019-05-19 16:06:04.453  INFO 7468 --- [           main] s.w.s.m.m.a.RequestMappingHandlerAdapter : Looking for @ControllerAdvice: org.springframework.web.context.support.GenericWebApplicationContext@6c779568: startup date [Sun May 19 16:06:03 CST 2019]; root of context hierarchy
2019-05-19 16:06:04.494  INFO 7468 --- [           main] s.w.s.m.m.a.RequestMappingHandlerMapping : Mapped "{[/index]}" onto public java.lang.String com.zdd.duoduo.controller.IndexController.index()
2019-05-19 16:06:04.496  INFO 7468 --- [           main] s.w.s.m.m.a.RequestMappingHandlerMapping : Mapped "{[/error]}" onto public org.springframework.http.ResponseEntity<java.util.Map<java.lang.String, java.lang.Object>> org.springframework.boot.autoconfigure.web.BasicErrorController.error(javax.servlet.http.HttpServletRequest)
2019-05-19 16:06:04.496  INFO 7468 --- [           main] s.w.s.m.m.a.RequestMappingHandlerMapping : Mapped "{[/error],produces=[text/html]}" onto public org.springframework.web.servlet.ModelAndView org.springframework.boot.autoconfigure.web.BasicErrorController.errorHtml(javax.servlet.http.HttpServletRequest,javax.servlet.http.HttpServletResponse)
2019-05-19 16:06:04.516  INFO 7468 --- [           main] o.s.w.s.handler.SimpleUrlHandlerMapping  : Mapped URL path [/webjars/**] onto handler of type [class org.springframework.web.servlet.resource.ResourceHttpRequestHandler]
2019-05-19 16:06:04.516  INFO 7468 --- [           main] o.s.w.s.handler.SimpleUrlHandlerMapping  : Mapped URL path [/**] onto handler of type [class org.springframework.web.servlet.resource.ResourceHttpRequestHandler]
2019-05-19 16:06:04.552  INFO 7468 --- [           main] o.s.w.s.handler.SimpleUrlHandlerMapping  : Mapped URL path [/**/favicon.ico] onto handler of type [class org.springframework.web.servlet.resource.ResourceHttpRequestHandler]
2019-05-19 16:06:04.599  WARN 7468 --- [           main] o.s.w.c.s.GenericWebApplicationContext   : Exception encountered during context initialization - cancelling refresh attempt: org.springframework.beans.factory.BeanCreationException: Error creating bean with name 'dataSource' defined in class path resource [org/springframework/boot/autoconfigure/jdbc/DataSourceConfiguration$Tomcat.class]: Bean instantiation via factory method failed; nested exception is org.springframework.beans.BeanInstantiationException: Failed to instantiate [org.apache.tomcat.jdbc.pool.DataSource]: Factory method 'dataSource' threw exception; nested exception is org.springframework.boot.autoconfigure.jdbc.DataSourceProperties$DataSourceBeanCreationException: Cannot determine embedded database driver class for database type NONE. If you want an embedded database please put a supported one on the classpath. If you have database settings to be loaded from a particular profile you may need to active it (no profiles are currently active).
2019-05-19 16:06:04.603  INFO 7468 --- [           main] utoConfigurationReportLoggingInitializer : 

Error starting ApplicationContext. To display the auto-configuration report re-run your application with 'debug' enabled.
2019-05-19 16:06:04.606 ERROR 7468 --- [           main] o.s.b.d.LoggingFailureAnalysisReporter   : 

***************************
APPLICATION FAILED TO START
***************************

Description:

Cannot determine embedded database driver class for database type NONE

Action:

If you want an embedded database please put a supported one on the classpath. If you have database settings to be loaded from a particular profile you may need to active it (no profiles are currently active).

2019-05-19 16:06:04.612 ERROR 7468 --- [           main] o.s.test.context.TestContextManager      : Caught exception while allowing TestExecutionListener [org.springframework.test.context.web.ServletTestExecutionListener@71248c21] to prepare test instance [com.zdd.duoduo.DuoduoApplicationTests@4d6f623d]

java.lang.IllegalStateException: Failed to load ApplicationContext
	at org.springframework.test.context.cache.DefaultCacheAwareContextLoaderDelegate.loadContext(DefaultCacheAwareContextLoaderDelegate.java:124) ~[spring-test-4.3.24.RELEASE.jar:4.3.24.RELEASE]
	at org.springframework.test.context.support.DefaultTestContext.getApplicationContext(DefaultTestContext.java:83) ~[spring-test-4.3.24.RELEASE.jar:4.3.24.RELEASE]
	at org.springframework.test.context.web.ServletTestExecutionListener.setUpRequestContextIfNecessary(ServletTestExecutionListener.java:189) ~[spring-test-4.3.24.RELEASE.jar:4.3.24.RELEASE]
	at org.springframework.test.context.web.ServletTestExecutionListener.prepareTestInstance(ServletTestExecutionListener.java:131) ~[spring-test-4.3.24.RELEASE.jar:4.3.24.RELEASE]
	at org.springframework.test.context.TestContextManager.prepareTestInstance(TestContextManager.java:230) ~[spring-test-4.3.24.RELEASE.jar:4.3.24.RELEASE]
	at org.springframework.test.context.junit4.SpringJUnit4ClassRunner.createTest(SpringJUnit4ClassRunner.java:228) [spring-test-4.3.24.RELEASE.jar:4.3.24.RELEASE]
	at org.springframework.test.context.junit4.SpringJUnit4ClassRunner$1.runReflectiveCall(SpringJUnit4ClassRunner.java:287) [spring-test-4.3.24.RELEASE.jar:4.3.24.RELEASE]
	at org.junit.internal.runners.model.ReflectiveCallable.run(ReflectiveCallable.java:12) [junit-4.12.jar:4.12]
	at org.springframework.test.context.junit4.SpringJUnit4ClassRunner.methodBlock(SpringJUnit4ClassRunner.java:289) [spring-test-4.3.24.RELEASE.jar:4.3.24.RELEASE]
	at org.springframework.test.context.junit4.SpringJUnit4ClassRunner.runChild(SpringJUnit4ClassRunner.java:247) [spring-test-4.3.24.RELEASE.jar:4.3.24.RELEASE]
	at org.springframework.test.context.junit4.SpringJUnit4ClassRunner.runChild(SpringJUnit4ClassRunner.java:94) [spring-test-4.3.24.RELEASE.jar:4.3.24.RELEASE]
	at org.junit.runners.ParentRunner$3.run(ParentRunner.java:290) [junit-4.12.jar:4.12]
	at org.junit.runners.ParentRunner$1.schedule(ParentRunner.java:71) [junit-4.12.jar:4.12]
	at org.junit.runners.ParentRunner.runChildren(ParentRunner.java:288) [junit-4.12.jar:4.12]
	at org.junit.runners.ParentRunner.access$000(ParentRunner.java:58) [junit-4.12.jar:4.12]
	at org.junit.runners.ParentRunner$2.evaluate(ParentRunner.java:268) [junit-4.12.jar:4.12]
	at org.springframework.test.context.junit4.statements.RunBeforeTestClassCallbacks.evaluate(RunBeforeTestClassCallbacks.java:61) [spring-test-4.3.24.RELEASE.jar:4.3.24.RELEASE]
	at org.springframework.test.context.junit4.statements.RunAfterTestClassCallbacks.evaluate(RunAfterTestClassCallbacks.java:70) [spring-test-4.3.24.RELEASE.jar:4.3.24.RELEASE]
	at org.junit.runners.ParentRunner.run(ParentRunner.java:363) [junit-4.12.jar:4.12]
	at org.springframework.test.context.junit4.SpringJUnit4ClassRunner.run(SpringJUnit4ClassRunner.java:191) [spring-test-4.3.24.RELEASE.jar:4.3.24.RELEASE]
	at org.apache.maven.surefire.junit4.JUnit4Provider.execute(JUnit4Provider.java:283) [surefire-junit4-2.18.1.jar:2.18.1]
	at org.apache.maven.surefire.junit4.JUnit4Provider.executeWithRerun(JUnit4Provider.java:173) [surefire-junit4-2.18.1.jar:2.18.1]
	at org.apache.maven.surefire.junit4.JUnit4Provider.executeTestSet(JUnit4Provider.java:153) [surefire-junit4-2.18.1.jar:2.18.1]
	at org.apache.maven.surefire.junit4.JUnit4Provider.invoke(JUnit4Provider.java:128) [surefire-junit4-2.18.1.jar:2.18.1]
	at org.apache.maven.surefire.booter.ForkedBooter.invokeProviderInSameClassLoader(ForkedBooter.java:203) [surefire-booter-2.18.1.jar:2.18.1]
	at org.apache.maven.surefire.booter.ForkedBooter.runSuitesInProcess(ForkedBooter.java:155) [surefire-booter-2.18.1.jar:2.18.1]
	at org.apache.maven.surefire.booter.ForkedBooter.main(ForkedBooter.java:103) [surefire-booter-2.18.1.jar:2.18.1]
Caused by: org.springframework.beans.factory.BeanCreationException: Error creating bean with name 'dataSource' defined in class path resource [org/springframework/boot/autoconfigure/jdbc/DataSourceConfiguration$Tomcat.class]: Bean instantiation via factory method failed; nested exception is org.springframework.beans.BeanInstantiationException: Failed to instantiate [org.apache.tomcat.jdbc.pool.DataSource]: Factory method 'dataSource' threw exception; nested exception is org.springframework.boot.autoconfigure.jdbc.DataSourceProperties$DataSourceBeanCreationException: Cannot determine embedded database driver class for database type NONE. If you want an embedded database please put a supported one on the classpath. If you have database settings to be loaded from a particular profile you may need to active it (no profiles are currently active).
	at org.springframework.beans.factory.support.ConstructorResolver.instantiateUsingFactoryMethod(ConstructorResolver.java:599) ~[spring-beans-4.3.24.RELEASE.jar:4.3.24.RELEASE]
	at org.springframework.beans.factory.support.AbstractAutowireCapableBeanFactory.instantiateUsingFactoryMethod(AbstractAutowireCapableBeanFactory.java:1177) ~[spring-beans-4.3.24.RELEASE.jar:4.3.24.RELEASE]
	at org.springframework.beans.factory.support.AbstractAutowireCapableBeanFactory.createBeanInstance(AbstractAutowireCapableBeanFactory.java:1072) ~[spring-beans-4.3.24.RELEASE.jar:4.3.24.RELEASE]
	at org.springframework.beans.factory.support.AbstractAutowireCapableBeanFactory.doCreateBean(AbstractAutowireCapableBeanFactory.java:511) ~[spring-beans-4.3.24.RELEASE.jar:4.3.24.RELEASE]
	at org.springframework.beans.factory.support.AbstractAutowireCapableBeanFactory.createBean(AbstractAutowireCapableBeanFactory.java:481) ~[spring-beans-4.3.24.RELEASE.jar:4.3.24.RELEASE]
	at org.springframework.beans.factory.support.AbstractBeanFactory$1.getObject(AbstractBeanFactory.java:312) ~[spring-beans-4.3.24.RELEASE.jar:4.3.24.RELEASE]
	at org.springframework.beans.factory.support.DefaultSingletonBeanRegistry.getSingleton(DefaultSingletonBeanRegistry.java:230) ~[spring-beans-4.3.24.RELEASE.jar:4.3.24.RELEASE]
	at org.springframework.beans.factory.support.AbstractBeanFactory.doGetBean(AbstractBeanFactory.java:308) ~[spring-beans-4.3.24.RELEASE.jar:4.3.24.RELEASE]
	at org.springframework.beans.factory.support.AbstractBeanFactory.getBean(AbstractBeanFactory.java:197) ~[spring-beans-4.3.24.RELEASE.jar:4.3.24.RELEASE]
	at org.springframework.beans.factory.support.DefaultListableBeanFactory.preInstantiateSingletons(DefaultListableBeanFactory.java:756) ~[spring-beans-4.3.24.RELEASE.jar:4.3.24.RELEASE]
	at org.springframework.context.support.AbstractApplicationContext.finishBeanFactoryInitialization(AbstractApplicationContext.java:867) ~[spring-context-4.3.24.RELEASE.jar:4.3.24.RELEASE]
	at org.springframework.context.support.AbstractApplicationContext.refresh(AbstractApplicationContext.java:542) ~[spring-context-4.3.24.RELEASE.jar:4.3.24.RELEASE]
	at org.springframework.boot.SpringApplication.refresh(SpringApplication.java:693) ~[spring-boot-1.5.21.RELEASE.jar:1.5.21.RELEASE]
	at org.springframework.boot.SpringApplication.refreshContext(SpringApplication.java:360) ~[spring-boot-1.5.21.RELEASE.jar:1.5.21.RELEASE]
	at org.springframework.boot.SpringApplication.run(SpringApplication.java:303) ~[spring-boot-1.5.21.RELEASE.jar:1.5.21.RELEASE]
	at org.springframework.boot.test.context.SpringBootContextLoader.loadContext(SpringBootContextLoader.java:121) ~[spring-boot-test-1.5.21.RELEASE.jar:1.5.21.RELEASE]
	at org.springframework.test.context.cache.DefaultCacheAwareContextLoaderDelegate.loadContextInternal(DefaultCacheAwareContextLoaderDelegate.java:98) ~[spring-test-4.3.24.RELEASE.jar:4.3.24.RELEASE]
	at org.springframework.test.context.cache.DefaultCacheAwareContextLoaderDelegate.loadContext(DefaultCacheAwareContextLoaderDelegate.java:116) ~[spring-test-4.3.24.RELEASE.jar:4.3.24.RELEASE]
	... 26 common frames omitted
Caused by: org.springframework.beans.BeanInstantiationException: Failed to instantiate [org.apache.tomcat.jdbc.pool.DataSource]: Factory method 'dataSource' threw exception; nested exception is org.springframework.boot.autoconfigure.jdbc.DataSourceProperties$DataSourceBeanCreationException: Cannot determine embedded database driver class for database type NONE. If you want an embedded database please put a supported one on the classpath. If you have database settings to be loaded from a particular profile you may need to active it (no profiles are currently active).
	at org.springframework.beans.factory.support.SimpleInstantiationStrategy.instantiate(SimpleInstantiationStrategy.java:189) ~[spring-beans-4.3.24.RELEASE.jar:4.3.24.RELEASE]
	at org.springframework.beans.factory.support.ConstructorResolver.instantiateUsingFactoryMethod(ConstructorResolver.java:588) ~[spring-beans-4.3.24.RELEASE.jar:4.3.24.RELEASE]
	... 43 common frames omitted
Caused by: org.springframework.boot.autoconfigure.jdbc.DataSourceProperties$DataSourceBeanCreationException: Cannot determine embedded database driver class for database type NONE. If you want an embedded database please put a supported one on the classpath. If you have database settings to be loaded from a particular profile you may need to active it (no profiles are currently active).
	at org.springframework.boot.autoconfigure.jdbc.DataSourceProperties.determineDriverClassName(DataSourceProperties.java:247) ~[spring-boot-autoconfigure-1.5.21.RELEASE.jar:1.5.21.RELEASE]
	at org.springframework.boot.autoconfigure.jdbc.DataSourceProperties.initializeDataSourceBuilder(DataSourceProperties.java:184) ~[spring-boot-autoconfigure-1.5.21.RELEASE.jar:1.5.21.RELEASE]
	at org.springframework.boot.autoconfigure.jdbc.DataSourceConfiguration.createDataSource(DataSourceConfiguration.java:43) ~[spring-boot-autoconfigure-1.5.21.RELEASE.jar:1.5.21.RELEASE]
	at org.springframework.boot.autoconfigure.jdbc.DataSourceConfiguration$Tomcat.dataSource(DataSourceConfiguration.java:60) ~[spring-boot-autoconfigure-1.5.21.RELEASE.jar:1.5.21.RELEASE]
	at org.springframework.boot.autoconfigure.jdbc.DataSourceConfiguration$Tomcat$$EnhancerBySpringCGLIB$$56945f65.CGLIB$dataSource$0(<generated>) ~[spring-boot-autoconfigure-1.5.21.RELEASE.jar:1.5.21.RELEASE]
	at org.springframework.boot.autoconfigure.jdbc.DataSourceConfiguration$Tomcat$$EnhancerBySpringCGLIB$$56945f65$$FastClassBySpringCGLIB$$febac487.invoke(<generated>) ~[spring-boot-autoconfigure-1.5.21.RELEASE.jar:1.5.21.RELEASE]
	at org.springframework.cglib.proxy.MethodProxy.invokeSuper(MethodProxy.java:228) ~[spring-core-4.3.24.RELEASE.jar:4.3.24.RELEASE]
	at org.springframework.context.annotation.ConfigurationClassEnhancer$BeanMethodInterceptor.intercept(ConfigurationClassEnhancer.java:358) ~[spring-context-4.3.24.RELEASE.jar:4.3.24.RELEASE]
	at org.springframework.boot.autoconfigure.jdbc.DataSourceConfiguration$Tomcat$$EnhancerBySpringCGLIB$$56945f65.dataSource(<generated>) ~[spring-boot-autoconfigure-1.5.21.RELEASE.jar:1.5.21.RELEASE]
	at sun.reflect.NativeMethodAccessorImpl.invoke0(Native Method) ~[na:1.8.0_211]
	at sun.reflect.NativeMethodAccessorImpl.invoke(NativeMethodAccessorImpl.java:62) ~[na:1.8.0_211]
	at sun.reflect.DelegatingMethodAccessorImpl.invoke(DelegatingMethodAccessorImpl.java:43) ~[na:1.8.0_211]
	at java.lang.reflect.Method.invoke(Method.java:498) ~[na:1.8.0_211]
	at org.springframework.beans.factory.support.SimpleInstantiationStrategy.instantiate(SimpleInstantiationStrategy.java:162) ~[spring-beans-4.3.24.RELEASE.jar:4.3.24.RELEASE]
	... 44 common frames omitted

]]></system-out>
  </testcase>
</testsuite>